#
# A fatal error has been detected by the Java Runtime Environment:
#
#  SIGSEGV (0xb) at pc=0x0000000000000000, pid=18066, tid=22807
#
# JRE version: Java(TM) SE Runtime Environment (7.0_45-b18) (build 1.7.0_45-b18)
# Java VM: Java HotSpot(TM) 64-Bit Server VM (24.45-b08 mixed mode bsd-amd64 compressed oops)
# Problematic frame:
# C  0x0000000000000000
#
# Failed to write core dump. Core dumps have been disabled. To enable core dumping, try "ulimit -c unlimited" before starting Java again
#
# If you would like to submit a bug report, please visit:
#   http://bugreport.sun.com/bugreport/crash.jsp
#

---------------  T H R E A D  ---------------

Current thread is native thread

siginfo:si_signo=SIGSEGV: si_errno=0, si_code=1 (SEGV_MAPERR), si_addr=0x0000000000000000

Registers:
RAX=0x0000000112f8b508, RBX=0x00000000000161b0, RCX=0x0000000000000010, RDX=0xfffffffffffffff0
RSP=0x0000000119eb4a18, RBP=0x0000000119eb4ac0, RSI=0x0000000000000000, RDI=0x00007f8e68e88c00
R8 =0x0000000000000200, R9 =0x00007f8e66bb65d0, R10=0x000000011bb3e05c, R11=0x00007f8e66bb65d0
R12=0x00007f8e66bb65d0, R13=0x00007f8e68e88c00, R14=0x0000000000000200, R15=0x0000000000000800
RIP=0x0000000000000000, EFLAGS=0x0000000000010246, ERR=0x0000000000000014
  TRAPNO=0x000000000000000e

Top of Stack: (sp=0x0000000119eb4a18)
0x0000000119eb4a18:   0000000112f5d639 0000000119eb4c6a
0x0000000119eb4a28:   0000001400000000 00007f8e68e90db0
0x0000000119eb4a38:   0000000112a76010 00007f8e68e8edb0
0x0000000119eb4a48:   0000020000000000 0000000000000000
0x0000000119eb4a58:   0000000000000800 0000000000000200
0x0000000119eb4a68:   00007f8e68e8cdb0 00007f8e68e88c00
0x0000000119eb4a78:   0000020000000000 00007f8e66b5ba98
0x0000000119eb4a88:   000000000000037f 68004882cf80d212
0x0000000119eb4a98:   00007f8e66acd488 00007f8e66bb65d0
0x0000000119eb4aa8:   00007f8e66b5ba90 0000000000000200
0x0000000119eb4ab8:   00007f8e66acd410 0000000119eb4ad0
0x0000000119eb4ac8:   0000000112f6d2ef 0000000119eb4b40
0x0000000119eb4ad8:   000000011bb3b230 00007f8e660661f8
0x0000000119eb4ae8:   00007f8e66066000 00007f8e66acd488
0x0000000119eb4af8:   0000000088a328f3 0000000119eb4c90
0x0000000119eb4b08:   0000000119eb4c88 0000020000000000
0x0000000119eb4b18:   0000000119eb4c88 00007f8e66acd690
0x0000000119eb4b28:   00007f8e66066000 00007f8e66a704f0
0x0000000119eb4b38:   0000000000000200 0000000119eb4b90
0x0000000119eb4b48:   000000011bb38c61 0000000119eb4bd0
0x0000000119eb4b58:   0000000119eb4c90 0000000066066228
0x0000000119eb4b68:   00007f8e66066000 0000000000000000
0x0000000119eb4b78:   00007f8e66a704f0 00000000ffffffce
0x0000000119eb4b88:   0000000000000200 0000000119eb4c00
0x0000000119eb4b98:   000000011bb37515 00007f8e66a704f0
0x0000000119eb4ba8:   00001fa012a740e0 0000000119eb4c88
0x0000000119eb4bb8:   00007f8e66acd690 00007f8e66066000
0x0000000119eb4bc8:   0000000119eb4c90 00009fe000000000
0x0000000119eb4bd8:   0000000000000007 00007f8e66066000
0x0000000119eb4be8:   0000000000000000 00007f8e66a704f0
0x0000000119eb4bf8:   0000000112a74060 0000000119eb4d00
0x0000000119eb4c08:   000000011bb3e878 00007f8e66a74498 

Instructions: (pc=0x0000000000000000)
0xffffffffffffffe0:   

Register to memory mapping:

RAX=
[error occurred during error reporting (printing register info), id 0xb]

Stack: [0x0000000119e35000,0x0000000119eb5000],  sp=0x0000000119eb4a18,  free space=510k

---------------  P R O C E S S  ---------------

VM state:at safepoint (shutting down)

VM Mutex/Monitor currently owned by a thread:  ([mutex/lock_event])
[0x00007f8e6350f180] Threads_lock - owner thread: 0x00007f8e6386a000

Heap
 par new generation   total 153344K, used 5672K [0x00000007bae00000, 0x00000007c5460000, 0x00000007c5460000)
  eden space 136320K,   4% used [0x00000007bae00000, 0x00000007bb38a0b8, 0x00000007c3320000)
  from space 17024K,   0% used [0x00000007c3320000, 0x00000007c3320000, 0x00000007c43c0000)
  to   space 17024K,   0% used [0x00000007c43c0000, 0x00000007c43c0000, 0x00000007c5460000)
 concurrent mark-sweep generation total 878208K, used 242086K [0x00000007c5460000, 0x00000007fae00000, 0x00000007fae00000)
 concurrent-mark-sweep perm gen total 71796K, used 42684K [0x00000007fae00000, 0x00000007ff41d000, 0x0000000800000000)

Card table byte_map: [0x000000010d5c9000,0x000000010d7f3000] byte_map_base: 0x00000001097f2000

Polling page: 0x0000000109d54000

Code Cache  [0x000000010a303000, 0x000000010b1e3000, 0x000000010d303000)
 total_blobs=4426 nmethods=3671 adapters=713 free_code_cache=34574Kb largest_free_block=34755968

Compilation events (10 events):
Event: 1371.014 Thread 0x00007f8e6409d800 4298             net.minecraft.client.renderer.ItemRenderer::renderItem (77 bytes)
Event: 1371.266 Thread 0x00007f8e6409d800 nmethod 4298 0x000000010af04690 code [0x000000010af04ee0, 0x000000010af084b0]
Event: 1377.154 Thread 0x00007f8e6387d800 4299             net.minecraft.util.MathHelper::ceiling_double_int (18 bytes)
Event: 1377.155 Thread 0x00007f8e6387d800 nmethod 4299 0x000000010a43d290 code [0x000000010a43d3c0, 0x000000010a43d438]
Event: 1381.835 Thread 0x00007f8e6409d800 4300             net.minecraft.client.gui.GuiIngame::renderTooltip (220 bytes)
Event: 1381.853 Thread 0x00007f8e6387d800 4301             net.minecraft.client.renderer.entity.RenderItem::renderModel (95 bytes)
Event: 1381.873 Thread 0x00007f8e6387d800 nmethod 4301 0x000000010af02990 code [0x000000010af02be0, 0x000000010af03790]
Event: 1385.968 Thread 0x00007f8e6409d800 nmethod 4300 0x000000010b1b9ed0 code [0x000000010b1bac00, 0x000000010b1c7868]
Event: 1386.086 Thread 0x00007f8e6387d800 4302 % !         sun.nio.cs.US_ASCII$Encoder::encodeArrayLoop @ 129 (356 bytes)
Event: 1386.167 Thread 0x00007f8e6387d800 nmethod 4302% 0x000000010ac19850 code [0x000000010ac19b40, 0x000000010ac1aa90]

GC Heap History (10 events):
Event: 1371.189 GC heap before
{Heap before GC invocations=605 (full 20):
 par new generation   total 153344K, used 140350K [0x00000007bae00000, 0x00000007c5460000, 0x00000007c5460000)
  eden space 136320K, 100% used [0x00000007bae00000, 0x00000007c3320000, 0x00000007c3320000)
  from space 17024K,  23% used [0x00000007c43c0000, 0x00000007c47af880, 0x00000007c5460000)
  to   space 17024K,   0% used [0x00000007c3320000, 0x00000007c3320000, 0x00000007c43c0000)
 concurrent mark-sweep generation total 878208K, used 302701K [0x00000007c5460000, 0x00000007fae00000, 0x00000007fae00000)
 concurrent-mark-sweep perm gen total 71796K, used 42727K [0x00000007fae00000, 0x00000007ff41d000, 0x0000000800000000)
Event: 1371.203 GC heap after
Heap after GC invocations=606 (full 20):
 par new generation   total 153344K, used 2736K [0x00000007bae00000, 0x00000007c5460000, 0x00000007c5460000)
  eden space 136320K,   0% used [0x00000007bae00000, 0x00000007bae00000, 0x00000007c3320000)
  from space 17024K,  16% used [0x00000007c3320000, 0x00000007c35cc300, 0x00000007c43c0000)
  to   space 17024K,   0% used [0x00000007c43c0000, 0x00000007c43c0000, 0x00000007c5460000)
 concurrent mark-sweep generation total 878208K, used 302701K [0x00000007c5460000, 0x00000007fae00000, 0x00000007fae00000)
 concurrent-mark-sweep perm gen total 71796K, used 42727K [0x00000007fae00000, 0x00000007ff41d000, 0x0000000800000000)
}
Event: 1376.190 GC heap before
{Heap before GC invocations=606 (full 20):
 par new generation   total 153344K, used 139056K [0x00000007bae00000, 0x00000007c5460000, 0x00000007c5460000)
  eden space 136320K, 100% used [0x00000007bae00000, 0x00000007c3320000, 0x00000007c3320000)
  from space 17024K,  16% used [0x00000007c3320000, 0x00000007c35cc300, 0x00000007c43c0000)
  to   space 17024K,   0% used [0x00000007c43c0000, 0x00000007c43c0000, 0x00000007c5460000)
 concurrent mark-sweep generation total 878208K, used 302701K [0x00000007c5460000, 0x00000007fae00000, 0x00000007fae00000)
 concurrent-mark-sweep perm gen total 71796K, used 42727K [0x00000007fae00000, 0x00000007ff41d000, 0x0000000800000000)
Event: 1376.205 GC heap after
Heap after GC invocations=607 (full 20):
 par new generation   total 153344K, used 2585K [0x00000007bae00000, 0x00000007c5460000, 0x00000007c5460000)
  eden space 136320K,   0% used [0x00000007bae00000, 0x00000007bae00000, 0x00000007c3320000)
  from space 17024K,  15% used [0x00000007c43c0000, 0x00000007c4646650, 0x00000007c5460000)
  to   space 17024K,   0% used [0x00000007c3320000, 0x00000007c3320000, 0x00000007c43c0000)
 concurrent mark-sweep generation total 878208K, used 302701K [0x00000007c5460000, 0x00000007fae00000, 0x00000007fae00000)
 concurrent-mark-sweep perm gen total 71796K, used 42727K [0x00000007fae00000, 0x00000007ff41d000, 0x0000000800000000)
}
Event: 1381.066 GC heap before
{Heap before GC invocations=607 (full 20):
 par new generation   total 153344K, used 138905K [0x00000007bae00000, 0x00000007c5460000, 0x00000007c5460000)
  eden space 136320K, 100% used [0x00000007bae00000, 0x00000007c3320000, 0x00000007c3320000)
  from space 17024K,  15% used [0x00000007c43c0000, 0x00000007c4646650, 0x00000007c5460000)
  to   space 17024K,   0% used [0x00000007c3320000, 0x00000007c3320000, 0x00000007c43c0000)
 concurrent mark-sweep generation total 878208K, used 302701K [0x00000007c5460000, 0x00000007fae00000, 0x00000007fae00000)
 concurrent-mark-sweep perm gen total 71796K, used 42727K [0x00000007fae00000, 0x00000007ff41d000, 0x0000000800000000)
Event: 1381.080 GC heap after
Heap after GC invocations=608 (full 20):
 par new generation   total 153344K, used 1837K [0x00000007bae00000, 0x00000007c5460000, 0x00000007c5460000)
  eden space 136320K,   0% used [0x00000007bae00000, 0x00000007bae00000, 0x00000007c3320000)
  from space 17024K,  10% used [0x00000007c3320000, 0x00000007c34eb540, 0x00000007c43c0000)
  to   space 17024K,   0% used [0x00000007c43c0000, 0x00000007c43c0000, 0x00000007c5460000)
 concurrent mark-sweep generation total 878208K, used 304017K [0x00000007c5460000, 0x00000007fae00000, 0x00000007fae00000)
 concurrent-mark-sweep perm gen total 71796K, used 42727K [0x00000007fae00000, 0x00000007ff41d000, 0x0000000800000000)
}
Event: 1382.017 GC heap before
{Heap before GC invocations=608 (full 20):
 par new generation   total 153344K, used 14847K [0x00000007bae00000, 0x00000007c5460000, 0x00000007c5460000)
  eden space 136320K,   9% used [0x00000007bae00000, 0x00000007bbab4888, 0x00000007c3320000)
  from space 17024K,  10% used [0x00000007c3320000, 0x00000007c34eb540, 0x00000007c43c0000)
  to   space 17024K,   0% used [0x00000007c43c0000, 0x00000007c43c0000, 0x00000007c5460000)
 concurrent mark-sweep generation total 878208K, used 304017K [0x00000007c5460000, 0x00000007fae00000, 0x00000007fae00000)
 concurrent-mark-sweep perm gen total 71796K, used 42843K [0x00000007fae00000, 0x00000007ff41d000, 0x0000000800000000)
Event: 1383.969 GC heap after
Heap after GC invocations=609 (full 21):
 par new generation   total 153344K, used 0K [0x00000007bae00000, 0x00000007c5460000, 0x00000007c5460000)
  eden space 136320K,   0% used [0x00000007bae00000, 0x00000007bae00000, 0x00000007c3320000)
  from space 17024K,   0% used [0x00000007c3320000, 0x00000007c3320000, 0x00000007c43c0000)
  to   space 17024K,   0% used [0x00000007c43c0000, 0x00000007c43c0000, 0x00000007c5460000)
 concurrent mark-sweep generation total 878208K, used 242237K [0x00000007c5460000, 0x00000007fae00000, 0x00000007fae00000)
 concurrent-mark-sweep perm gen total 71796K, used 42654K [0x00000007fae00000, 0x00000007ff41d000, 0x0000000800000000)
}
Event: 1384.096 GC heap before
{Heap before GC invocations=609 (full 22):
 par new generation   total 153344K, used 3931K [0x00000007bae00000, 0x00000007c5460000, 0x00000007c5460000)
  eden space 136320K,   2% used [0x00000007bae00000, 0x00000007bb1d6e38, 0x00000007c3320000)
  from space 17024K,   0% used [0x00000007c3320000, 0x00000007c3320000, 0x00000007c43c0000)
  to   space 17024K,   0% used [0x00000007c43c0000, 0x00000007c43c0000, 0x00000007c5460000)
 concurrent mark-sweep generation total 878208K, used 242237K [0x00000007c5460000, 0x00000007fae00000, 0x00000007fae00000)
 concurrent-mark-sweep perm gen total 71796K, used 42655K [0x00000007fae00000, 0x00000007ff41d000, 0x0000000800000000)
Event: 1385.915 GC heap after
Heap after GC invocations=610 (full 23):
 par new generation   total 153344K, used 0K [0x00000007bae00000, 0x00000007c5460000, 0x00000007c5460000)
  eden space 136320K,   0% used [0x00000007bae00000, 0x00000007bae00000, 0x00000007c3320000)
  from space 17024K,   0% used [0x00000007c3320000, 0x00000007c3320000, 0x00000007c43c0000)
  to   space 17024K,   0% used [0x00000007c43c0000, 0x00000007c43c0000, 0x00000007c5460000)
 concurrent mark-sweep generation total 878208K, used 242086K [0x00000007c5460000, 0x00000007fae00000, 0x00000007fae00000)
 concurrent-mark-sweep perm gen total 71796K, used 42649K [0x00000007fae00000, 0x00000007ff41d000, 0x0000000800000000)
}

Deoptimization events (10 events):
Event: 1384.081 Thread 0x00007f8e682ad000 Uncommon trap: reason=unhandled action=none pc=0x000000010abcd91c method=net.minecraft.network.PacketThreadUtil.checkThreadAndEnqueue(Lnet/minecraft/network/Packet;Lnet/minecraft/network/INetHandler;Lnet/minecraft/util/IThreadListener;)V @ 28
Event: 1384.081 Thread 0x00007f8e682ad000 Uncommon trap: reason=unhandled action=none pc=0x000000010abcd91c method=net.minecraft.network.PacketThreadUtil.checkThreadAndEnqueue(Lnet/minecraft/network/Packet;Lnet/minecraft/network/INetHandler;Lnet/minecraft/util/IThreadListener;)V @ 28
Event: 1384.081 Thread 0x00007f8e682ad000 Uncommon trap: reason=unhandled action=none pc=0x000000010abcd91c method=net.minecraft.network.PacketThreadUtil.checkThreadAndEnqueue(Lnet/minecraft/network/Packet;Lnet/minecraft/network/INetHandler;Lnet/minecraft/util/IThreadListener;)V @ 28
Event: 1384.081 Thread 0x00007f8e682ad000 Uncommon trap: reason=unhandled action=none pc=0x000000010abcd91c method=net.minecraft.network.PacketThreadUtil.checkThreadAndEnqueue(Lnet/minecraft/network/Packet;Lnet/minecraft/network/INetHandler;Lnet/minecraft/util/IThreadListener;)V @ 28
Event: 1384.081 Thread 0x00007f8e682ad000 Uncommon trap: reason=unhandled action=none pc=0x000000010abcd91c method=net.minecraft.network.PacketThreadUtil.checkThreadAndEnqueue(Lnet/minecraft/network/Packet;Lnet/minecraft/network/INetHandler;Lnet/minecraft/util/IThreadListener;)V @ 28
Event: 1384.081 Thread 0x00007f8e682ad000 Uncommon trap: reason=unhandled action=none pc=0x000000010abcd91c method=net.minecraft.network.PacketThreadUtil.checkThreadAndEnqueue(Lnet/minecraft/network/Packet;Lnet/minecraft/network/INetHandler;Lnet/minecraft/util/IThreadListener;)V @ 28
Event: 1384.081 Thread 0x00007f8e682ad000 Uncommon trap: reason=unhandled action=none pc=0x000000010abcd91c method=net.minecraft.network.PacketThreadUtil.checkThreadAndEnqueue(Lnet/minecraft/network/Packet;Lnet/minecraft/network/INetHandler;Lnet/minecraft/util/IThreadListener;)V @ 28
Event: 1384.081 Thread 0x00007f8e682ad000 Uncommon trap: reason=unhandled action=none pc=0x000000010abcd91c method=net.minecraft.network.PacketThreadUtil.checkThreadAndEnqueue(Lnet/minecraft/network/Packet;Lnet/minecraft/network/INetHandler;Lnet/minecraft/util/IThreadListener;)V @ 28
Event: 1384.081 Thread 0x00007f8e682ad000 Uncommon trap: reason=unhandled action=none pc=0x000000010abcd91c method=net.minecraft.network.PacketThreadUtil.checkThreadAndEnqueue(Lnet/minecraft/network/Packet;Lnet/minecraft/network/INetHandler;Lnet/minecraft/util/IThreadListener;)V @ 28
Event: 1384.081 Thread 0x00007f8e682ad000 Uncommon trap: reason=unhandled action=none pc=0x000000010abcd91c method=net.minecraft.network.PacketThreadUtil.checkThreadAndEnqueue(Lnet/minecraft/network/Packet;Lnet/minecraft/network/INetHandler;Lnet/minecraft/util/IThreadListener;)V @ 28

Internal exceptions (10 events):
Event: 1381.730 Thread 0x00007f8e66468800 Threw 0x00000007bb826ca0 at /HUDSON/workspace/7u-2-build-macosx-x86_64/jdk7u45/229/hotspot/src/share/vm/prims/jvm.cpp:2965
Event: 1381.765 Thread 0x00007f8e66468800 Threw 0x00000007bb826e60 at /HUDSON/workspace/7u-2-build-macosx-x86_64/jdk7u45/229/hotspot/src/share/vm/prims/jvm.cpp:2965
Event: 1385.976 Thread 0x00007f8e6380f000 Threw 0x00000007baf88e78 at /HUDSON/workspace/7u-2-build-macosx-x86_64/jdk7u45/229/hotspot/src/share/vm/prims/jvm.cpp:1244
Event: 1386.028 Thread 0x00007f8e6380f000 Threw 0x00000007bafae368 at /HUDSON/workspace/7u-2-build-macosx-x86_64/jdk7u45/229/hotspot/src/share/vm/prims/jvm.cpp:1244
Event: 1386.038 Thread 0x00007f8e6380f000 Threw 0x00000007bafbaf58 at /HUDSON/workspace/7u-2-build-macosx-x86_64/jdk7u45/229/hotspot/src/share/vm/prims/jvm.cpp:1244
Event: 1386.094 Thread 0x00007f8e68e80000 Threw 0x00000007bb211ff0 at /HUDSON/workspace/7u-2-build-macosx-x86_64/jdk7u45/229/hotspot/src/share/vm/prims/jvm.cpp:1244
Event: 1386.095 Thread 0x00007f8e68e80000 Threw 0x00000007bb21b620 at /HUDSON/workspace/7u-2-build-macosx-x86_64/jdk7u45/229/hotspot/src/share/vm/prims/jvm.cpp:1244
Event: 1386.095 Thread 0x00007f8e68e80000 Threw 0x00000007bb221250 at /HUDSON/workspace/7u-2-build-macosx-x86_64/jdk7u45/229/hotspot/src/share/vm/prims/jvm.cpp:1244
Event: 1386.097 Thread 0x00007f8e68e6e000 Threw 0x00000007bb25d0c8 at /HUDSON/workspace/7u-2-build-macosx-x86_64/jdk7u45/229/hotspot/src/share/vm/prims/jvm.cpp:1244
Event: 1386.097 Thread 0x00007f8e68e6e000 Threw 0x00000007bb262718 at /HUDSON/workspace/7u-2-build-macosx-x86_64/jdk7u45/229/hotspot/src/share/vm/prims/jvm.cpp:1244

Events (10 events):
Event: 1386.099 Thread 0x00007f8e643f0800 Thread added: 0x00007f8e643f0800
Event: 1386.099 Thread 0x00007f8e68e80000 Thread exited: 0x00007f8e68e80000
Event: 1386.099 Thread 0x00007f8e680ad800 Thread exited: 0x00007f8e680ad800
Event: 1386.099 Thread 0x00007f8e643f0800 Thread exited: 0x00007f8e643f0800
Event: 1386.118 Thread 0x00007f8e68e6e000 Thread exited: 0x00007f8e68e6e000
Event: 1386.136 Thread 0x00007f8e68a17800 Thread exited: 0x00007f8e68a17800
Event: 1386.136 Thread 0x00007f8e6387d000 Thread exited: 0x00007f8e6387d000
Event: 1386.137 Thread 0x00007f8e6386b000 Thread exited: 0x00007f8e6386b000
Event: 1386.137 Thread 0x00007f8e6387c000 Thread exited: 0x00007f8e6387c000
Event: 1386.173 Executing VM operation: Exit


Dynamic libraries:
0x00000000042b7000 	/System/Library/Frameworks/Cocoa.framework/Versions/A/Cocoa
0x00000000042b7000 	/System/Library/Frameworks/Security.framework/Versions/A/Security
0x00000000042b7000 	/System/Library/Frameworks/ApplicationServices.framework/Versions/A/ApplicationServices
0x00000000042b7000 	/usr/lib/libz.1.dylib
0x00000000042b7000 	/usr/lib/libSystem.B.dylib
0x00000000042b7000 	/usr/lib/libobjc.A.dylib
0x00000000042b7000 	/System/Library/Frameworks/CoreFoundation.framework/Versions/A/CoreFoundation
0x00000000042b7000 	/System/Library/Frameworks/Foundation.framework/Versions/C/Foundation
0x00000000042b7000 	/System/Library/Frameworks/AppKit.framework/Versions/C/AppKit
0x00000000042b7000 	/System/Library/Frameworks/CoreData.framework/Versions/A/CoreData
0x00000000042b7000 	/System/Library/PrivateFrameworks/RemoteViewServices.framework/Versions/A/RemoteViewServices
0x00000000042b7000 	/System/Library/Frameworks/AudioToolbox.framework/Versions/A/AudioToolbox
0x00000000042b7000 	/System/Library/Frameworks/AudioUnit.framework/Versions/A/AudioUnit
0x00000000042b7000 	/System/Library/PrivateFrameworks/DataDetectorsCore.framework/Versions/A/DataDetectorsCore
0x00000000042b7000 	/System/Library/PrivateFrameworks/DesktopServicesPriv.framework/Versions/A/DesktopServicesPriv
0x00000000042b7000 	/System/Library/Frameworks/Carbon.framework/Versions/A/Frameworks/HIToolbox.framework/Versions/A/HIToolbox
0x00000000042b7000 	/System/Library/Frameworks/QuartzCore.framework/Versions/A/QuartzCore
0x00000000042b7000 	/System/Library/Frameworks/Carbon.framework/Versions/A/Frameworks/SpeechRecognition.framework/Versions/A/SpeechRecognition
0x00000000042b7000 	/usr/lib/libauto.dylib
0x00000000042b7000 	/usr/lib/libicucore.A.dylib
0x00000000042b7000 	/usr/lib/libxml2.2.dylib
0x00000000042b7000 	/System/Library/PrivateFrameworks/CoreUI.framework/Versions/A/CoreUI
0x00000000042b7000 	/System/Library/Frameworks/CoreAudio.framework/Versions/A/CoreAudio
0x00000000042b7000 	/System/Library/Frameworks/DiskArbitration.framework/Versions/A/DiskArbitration
0x00000000042b7000 	/usr/lib/liblangid.dylib
0x00000000042b7000 	/System/Library/PrivateFrameworks/MultitouchSupport.framework/Versions/A/MultitouchSupport
0x00000000042b7000 	/System/Library/Frameworks/IOKit.framework/Versions/A/IOKit
0x00000000042b7000 	/usr/lib/libDiagnosticMessagesClient.dylib
0x00000000042b7000 	/System/Library/Frameworks/CoreServices.framework/Versions/A/CoreServices
0x00000000042b7000 	/System/Library/PrivateFrameworks/PerformanceAnalysis.framework/Versions/A/PerformanceAnalysis
0x00000000042b7000 	/System/Library/PrivateFrameworks/GenerationalStorage.framework/Versions/A/GenerationalStorage
0x00000000042b7000 	/System/Library/Frameworks/OpenGL.framework/Versions/A/OpenGL
0x00000000042b7000 	/System/Library/PrivateFrameworks/Sharing.framework/Versions/A/Sharing
0x00000000042b7000 	/System/Library/Frameworks/ImageIO.framework/Versions/A/ImageIO
0x00000000042b7000 	/System/Library/Frameworks/CoreText.framework/Versions/A/CoreText
0x00000000042b7000 	/System/Library/Frameworks/CoreGraphics.framework/Versions/A/CoreGraphics
0x00000000042b7000 	/System/Library/PrivateFrameworks/Backup.framework/Versions/A/Backup
0x00000000042b7000 	/System/Library/Frameworks/CFNetwork.framework/Versions/A/CFNetwork
0x00000000042b7000 	/System/Library/Frameworks/SystemConfiguration.framework/Versions/A/SystemConfiguration
0x00000000042b7000 	/usr/lib/libCRFSuite.dylib
0x00000000042b7000 	/usr/lib/libc++.1.dylib
0x00000000042b7000 	/usr/lib/libc++abi.dylib
0x00000000042b7000 	/usr/lib/system/libcache.dylib
0x00000000042b7000 	/usr/lib/system/libcommonCrypto.dylib
0x00000000042b7000 	/usr/lib/system/libcompiler_rt.dylib
0x00000000042b7000 	/usr/lib/system/libcopyfile.dylib
0x00000000042b7000 	/usr/lib/system/libcorecrypto.dylib
0x00000000042b7000 	/usr/lib/system/libdispatch.dylib
0x00000000042b7000 	/usr/lib/system/libdyld.dylib
0x00000000042b7000 	/usr/lib/system/libkeymgr.dylib
0x00000000042b7000 	/usr/lib/system/liblaunch.dylib
0x00000000042b7000 	/usr/lib/system/libmacho.dylib
0x00000000042b7000 	/usr/lib/system/libquarantine.dylib
0x00000000042b7000 	/usr/lib/system/libremovefile.dylib
0x00000000042b7000 	/usr/lib/system/libsystem_asl.dylib
0x00000000042b7000 	/usr/lib/system/libsystem_blocks.dylib
0x00000000042b7000 	/usr/lib/system/libsystem_c.dylib
0x00000000042b7000 	/usr/lib/system/libsystem_configuration.dylib
0x00000000042b7000 	/usr/lib/system/libsystem_dnssd.dylib
0x00000000042b7000 	/usr/lib/system/libsystem_info.dylib
0x00000000042b7000 	/usr/lib/system/libsystem_kernel.dylib
0x00000000042b7000 	/usr/lib/system/libsystem_m.dylib
0x00000000042b7000 	/usr/lib/system/libsystem_malloc.dylib
0x00000000042b7000 	/usr/lib/system/libsystem_network.dylib
0x00000000042b7000 	/usr/lib/system/libsystem_notify.dylib
0x00000000042b7000 	/usr/lib/system/libsystem_platform.dylib
0x00000000042b7000 	/usr/lib/system/libsystem_pthread.dylib
0x00000000042b7000 	/usr/lib/system/libsystem_sandbox.dylib
0x00000000042b7000 	/usr/lib/system/libsystem_stats.dylib
0x00000000042b7000 	/usr/lib/system/libunc.dylib
0x00000000042b7000 	/usr/lib/system/libunwind.dylib
0x00000000042b7000 	/usr/lib/system/libxpc.dylib
0x00000000042b7000 	/usr/lib/libbsm.0.dylib
0x00000000042b7000 	/usr/lib/libsqlite3.dylib
0x00000000042b7000 	/usr/lib/libxar.1.dylib
0x00000000042b7000 	/usr/lib/libpam.2.dylib
0x00000000042b7000 	/usr/lib/libOpenScriptingUtil.dylib
0x00000000042b7000 	/usr/lib/libbz2.1.0.dylib
0x00000000042b7000 	/System/Library/Frameworks/CoreServices.framework/Versions/A/Frameworks/CarbonCore.framework/Versions/A/CarbonCore
0x00000000042b7000 	/System/Library/Frameworks/CoreServices.framework/Versions/A/Frameworks/Metadata.framework/Versions/A/Metadata
0x00000000042b7000 	/System/Library/Frameworks/CoreServices.framework/Versions/A/Frameworks/OSServices.framework/Versions/A/OSServices
0x00000000042b7000 	/System/Library/Frameworks/CoreServices.framework/Versions/A/Frameworks/SearchKit.framework/Versions/A/SearchKit
0x00000000042b7000 	/System/Library/Frameworks/CoreServices.framework/Versions/A/Frameworks/AE.framework/Versions/A/AE
0x00000000042b7000 	/System/Library/Frameworks/CoreServices.framework/Versions/A/Frameworks/LaunchServices.framework/Versions/A/LaunchServices
0x00000000042b7000 	/System/Library/Frameworks/CoreServices.framework/Versions/A/Frameworks/DictionaryServices.framework/Versions/A/DictionaryServices
0x00000000042b7000 	/System/Library/Frameworks/NetFS.framework/Versions/A/NetFS
0x00000000042b7000 	/usr/lib/system/libkxld.dylib
0x00000000042b7000 	/System/Library/PrivateFrameworks/NetAuth.framework/Versions/A/NetAuth
0x00000000042b7000 	/System/Library/PrivateFrameworks/TCC.framework/Versions/A/TCC
0x00000000042b7000 	/System/Library/Frameworks/OpenDirectory.framework/Versions/A/Frameworks/CFOpenDirectory.framework/Versions/A/CFOpenDirectory
0x00000000042b7000 	/System/Library/Frameworks/ServiceManagement.framework/Versions/A/ServiceManagement
0x00000000042b7000 	/usr/lib/libxslt.1.dylib
0x00000000042b7000 	/System/Library/Frameworks/Carbon.framework/Versions/A/Frameworks/Ink.framework/Versions/A/Ink
0x00000000042b7000 	/System/Library/Frameworks/ApplicationServices.framework/Versions/A/Frameworks/ATS.framework/Versions/A/ATS
0x00000000042b7000 	/System/Library/Frameworks/ApplicationServices.framework/Versions/A/Frameworks/ColorSync.framework/Versions/A/ColorSync
0x00000000042b7000 	/System/Library/Frameworks/ApplicationServices.framework/Versions/A/Frameworks/HIServices.framework/Versions/A/HIServices
0x00000000042b7000 	/System/Library/Frameworks/ApplicationServices.framework/Versions/A/Frameworks/LangAnalysis.framework/Versions/A/LangAnalysis
0x00000000042b7000 	/System/Library/Frameworks/ApplicationServices.framework/Versions/A/Frameworks/PrintCore.framework/Versions/A/PrintCore
0x00000000042b7000 	/System/Library/Frameworks/ApplicationServices.framework/Versions/A/Frameworks/QD.framework/Versions/A/QD
0x00000000042b7000 	/System/Library/Frameworks/ApplicationServices.framework/Versions/A/Frameworks/SpeechSynthesis.framework/Versions/A/SpeechSynthesis
0x00000000042b7000 	/System/Library/Frameworks/IOSurface.framework/Versions/A/IOSurface
0x00000000042b7000 	/System/Library/Frameworks/Accelerate.framework/Versions/A/Accelerate
0x00000000042b7000 	/System/Library/Frameworks/Accelerate.framework/Versions/A/Frameworks/vImage.framework/Versions/A/vImage
0x00000000042b7000 	/System/Library/Frameworks/Accelerate.framework/Versions/A/Frameworks/vecLib.framework/Versions/A/vecLib
0x00000000042b7000 	/System/Library/Frameworks/Accelerate.framework/Versions/A/Frameworks/vecLib.framework/Versions/A/libvDSP.dylib
0x00000000042b7000 	/System/Library/Frameworks/Accelerate.framework/Versions/A/Frameworks/vecLib.framework/Versions/A/libvMisc.dylib
0x00000000042b7000 	/System/Library/Frameworks/Accelerate.framework/Versions/A/Frameworks/vecLib.framework/Versions/A/libLAPACK.dylib
0x00000000042b7000 	/System/Library/Frameworks/Accelerate.framework/Versions/A/Frameworks/vecLib.framework/Versions/A/libBLAS.dylib
0x00000000042b7000 	/System/Library/Frameworks/ApplicationServices.framework/Versions/A/Frameworks/ATS.framework/Versions/A/Resources/libFontParser.dylib
0x00000000042b7000 	/System/Library/Frameworks/ApplicationServices.framework/Versions/A/Frameworks/ATS.framework/Versions/A/Resources/libFontRegistry.dylib
0x00000000042b7000 	/System/Library/Frameworks/ImageIO.framework/Versions/A/Resources/libJPEG.dylib
0x00000000042b7000 	/System/Library/Frameworks/ImageIO.framework/Versions/A/Resources/libTIFF.dylib
0x00000000042b7000 	/System/Library/Frameworks/ImageIO.framework/Versions/A/Resources/libPng.dylib
0x00000000042b7000 	/System/Library/Frameworks/ImageIO.framework/Versions/A/Resources/libGIF.dylib
0x00000000042b7000 	/System/Library/Frameworks/ImageIO.framework/Versions/A/Resources/libJP2.dylib
0x00000000042b7000 	/System/Library/Frameworks/ImageIO.framework/Versions/A/Resources/libRadiance.dylib
0x00000000042b7000 	/usr/lib/libcups.2.dylib
0x00000000042b7000 	/System/Library/Frameworks/Kerberos.framework/Versions/A/Kerberos
0x00000000042b7000 	/System/Library/Frameworks/GSS.framework/Versions/A/GSS
0x00000000042b7000 	/usr/lib/libresolv.9.dylib
0x00000000042b7000 	/usr/lib/libiconv.2.dylib
0x00000000042b7000 	/System/Library/PrivateFrameworks/Heimdal.framework/Versions/A/Heimdal
0x00000000042b7000 	/System/Library/PrivateFrameworks/TrustEvaluationAgent.framework/Versions/A/TrustEvaluationAgent
0x00000000042b7000 	/usr/lib/libheimdal-asn1.dylib
0x00000000042b7000 	/System/Library/Frameworks/OpenDirectory.framework/Versions/A/OpenDirectory
0x00000000042b7000 	/System/Library/PrivateFrameworks/CommonAuth.framework/Versions/A/CommonAuth
0x00000000042b7000 	/System/Library/Frameworks/SecurityFoundation.framework/Versions/A/SecurityFoundation
0x00000000042b7000 	/System/Library/PrivateFrameworks/Bom.framework/Versions/A/Bom
0x00000000042b7000 	/System/Library/Frameworks/CoreVideo.framework/Versions/A/CoreVideo
0x00000000042b7000 	/System/Library/Frameworks/QuartzCore.framework/Versions/A/Frameworks/CoreImage.framework/Versions/A/CoreImage
0x00000000042b7000 	/System/Library/Frameworks/QuartzCore.framework/Versions/A/Frameworks/ScalableUserInterface.framework/Versions/A/ScalableUserInterface
0x00000000042b7000 	/System/Library/Frameworks/OpenGL.framework/Versions/A/Libraries/libGLU.dylib
0x00000000042b7000 	/System/Library/Frameworks/OpenGL.framework/Versions/A/Libraries/libGFXShared.dylib
0x00000000042b7000 	/System/Library/Frameworks/OpenGL.framework/Versions/A/Libraries/libGL.dylib
0x00000000042b7000 	/System/Library/Frameworks/OpenGL.framework/Versions/A/Libraries/libGLImage.dylib
0x00000000042b7000 	/System/Library/Frameworks/OpenGL.framework/Versions/A/Libraries/libCVMSPluginSupport.dylib
0x00000000042b7000 	/System/Library/Frameworks/OpenGL.framework/Versions/A/Libraries/libCoreVMClient.dylib
0x00000000042b7000 	/System/Library/PrivateFrameworks/FaceCore.framework/Versions/A/FaceCore
0x00000000042b7000 	/System/Library/PrivateFrameworks/CrashReporterSupport.framework/Versions/A/CrashReporterSupport
0x00000000042b7000 	/System/Library/Frameworks/OpenCL.framework/Versions/A/OpenCL
0x00000000042b7000 	/System/Library/PrivateFrameworks/AppleFSCompression.framework/Versions/A/AppleFSCompression
0x00000000042b7000 	/System/Library/PrivateFrameworks/Ubiquity.framework/Versions/A/Ubiquity
0x00000000042b7000 	/System/Library/PrivateFrameworks/IconServices.framework/Versions/A/IconServices
0x00000000042b7000 	/System/Library/PrivateFrameworks/ChunkingLibrary.framework/Versions/A/ChunkingLibrary
0x00000000042b7000 	/System/Library/PrivateFrameworks/CoreSymbolication.framework/Versions/A/CoreSymbolication
0x00000000042b7000 	/System/Library/PrivateFrameworks/Symbolication.framework/Versions/A/Symbolication
0x00000000042b7000 	/System/Library/PrivateFrameworks/DebugSymbols.framework/Versions/A/DebugSymbols
0x00000001092ae000 	/Library/Java/JavaVirtualMachines/jdk1.7.0_45.jdk/Contents/Home/jre/lib/server/libjvm.dylib
0x00000000042b7000 	/usr/lib/libstdc++.6.dylib
0x0000000109d17000 	/Library/Java/JavaVirtualMachines/jdk1.7.0_45.jdk/Contents/Home/jre/lib/libverify.dylib
0x0000000109d24000 	/Library/Java/JavaVirtualMachines/jdk1.7.0_45.jdk/Contents/Home/jre/lib/libjava.dylib
0x0000000109d55000 	/Library/Java/JavaVirtualMachines/jdk1.7.0_45.jdk/Contents/Home/jre/lib/libjdwp.dylib
0x0000000109d92000 	/Library/Java/JavaVirtualMachines/jdk1.7.0_45.jdk/Contents/Home/jre/lib/libnpt.dylib
0x0000000109d9f000 	/Library/Java/JavaVirtualMachines/jdk1.7.0_45.jdk/Contents/Home/jre/lib/libzip.dylib
0x0000000111bab000 	/System/Library/Frameworks/JavaVM.framework/Frameworks/JavaRuntimeSupport.framework/JavaRuntimeSupport
0x0000000111bc3000 	/System/Library/Frameworks/JavaVM.framework/Versions/A/Frameworks/JavaNativeFoundation.framework/Versions/A/JavaNativeFoundation
0x0000000111bd8000 	/System/Library/Frameworks/JavaVM.framework/Versions/A/JavaVM
0x00000000042b7000 	/System/Library/Frameworks/Carbon.framework/Versions/A/Carbon
0x0000000111be5000 	/System/Library/PrivateFrameworks/JavaLaunching.framework/Versions/A/JavaLaunching
0x00000000042b7000 	/System/Library/Frameworks/Carbon.framework/Versions/A/Frameworks/CommonPanels.framework/Versions/A/CommonPanels
0x00000000042b7000 	/System/Library/Frameworks/Carbon.framework/Versions/A/Frameworks/Help.framework/Versions/A/Help
0x00000000042b7000 	/System/Library/Frameworks/Carbon.framework/Versions/A/Frameworks/ImageCapture.framework/Versions/A/ImageCapture
0x00000000042b7000 	/System/Library/Frameworks/Carbon.framework/Versions/A/Frameworks/OpenScripting.framework/Versions/A/OpenScripting
0x00000000042b7000 	/System/Library/Frameworks/Carbon.framework/Versions/A/Frameworks/Print.framework/Versions/A/Print
0x00000000042b7000 	/System/Library/Frameworks/Carbon.framework/Versions/A/Frameworks/SecurityHI.framework/Versions/A/SecurityHI
0x0000000109df7000 	/Library/Java/JavaVirtualMachines/jdk1.7.0_45.jdk/Contents/Home/jre/lib/libdt_socket.dylib
0x0000000112b5e000 	/Library/Java/JavaVirtualMachines/jdk1.7.0_45.jdk/Contents/Home/jre/lib/libmanagement.dylib
0x0000000112b66000 	/Library/Java/JavaVirtualMachines/jdk1.7.0_45.jdk/Contents/Home/jre/lib/libnet.dylib
0x0000000112bc3000 	/Library/Java/JavaVirtualMachines/jdk1.7.0_45.jdk/Contents/Home/jre/lib/libnio.dylib
0x000000011309e000 	/Library/Java/JavaVirtualMachines/jdk1.7.0_45.jdk/Contents/Home/jre/lib/libawt.dylib
0x0000000113bb2000 	/Library/Java/JavaVirtualMachines/jdk1.7.0_45.jdk/Contents/Home/jre/lib/./libmlib_image.dylib
0x0000000113c7e000 	/Library/Java/JavaVirtualMachines/jdk1.7.0_45.jdk/Contents/Home/jre/lib/lwawt/liblwawt.dylib
0x0000000112b42000 	/Library/Java/JavaVirtualMachines/jdk1.7.0_45.jdk/Contents/Home/jre/lib/libosxapp.dylib
0x00000000042b7000 	/System/Library/Frameworks/ExceptionHandling.framework/Versions/A/ExceptionHandling
0x00000000042b7000 	/System/Library/PrivateFrameworks/CoreServicesInternal.framework/Versions/A/CoreServicesInternal
0x00000000042b7000 	/System/Library/PrivateFrameworks/Librarian.framework/Versions/A/Librarian
0x00000000042b7000 	/System/Library/Frameworks/CoreGraphics.framework/Versions/A/Resources/libCGCMS.A.dylib
0x00000000042b7000 	/System/Library/Frameworks/CoreGraphics.framework/Versions/A/Resources/libRIP.A.dylib
0x00000000042b7000 	/System/Library/Frameworks/CoreGraphics.framework/Versions/A/Resources/libCGXType.A.dylib
0x00000000042b7000 	/System/Library/PrivateFrameworks/FamilyControls.framework/Versions/A/FamilyControls
0x00000000042b7000 	/System/Library/PrivateFrameworks/CommerceKit.framework/Versions/A/Frameworks/CommerceCore.framework/Versions/A/CommerceCore
0x00000000042b7000 	/System/Library/PrivateFrameworks/SystemAdministration.framework/Versions/A/SystemAdministration
0x00000000042b7000 	/System/Library/Frameworks/DirectoryService.framework/Versions/A/DirectoryService
0x00000000042b7000 	/System/Library/PrivateFrameworks/DiskImages.framework/Versions/A/DiskImages
0x00000000042b7000 	/System/Library/PrivateFrameworks/LoginUIKit.framework/Versions/A/Frameworks/LoginUICore.framework/Versions/A/LoginUICore
0x00000000042b7000 	/usr/lib/libCoreStorage.dylib
0x00000000042b7000 	/usr/lib/libcsfde.dylib
0x00000000042b7000 	/usr/lib/libodfde.dylib
0x00000000042b7000 	/System/Library/Frameworks/DiscRecording.framework/Versions/A/DiscRecording
0x00000000042b7000 	/usr/lib/libcurl.4.dylib
0x00000000042b7000 	/System/Library/PrivateFrameworks/MediaKit.framework/Versions/A/MediaKit
0x00000000042b7000 	/System/Library/PrivateFrameworks/EFILogin.framework/Versions/A/EFILogin
0x00000000042b7000 	/usr/lib/libutil.dylib
0x00000000042b7000 	/System/Library/PrivateFrameworks/AOSNotification.framework/Versions/A/AOSNotification
0x00000000042b7000 	/System/Library/Frameworks/LDAP.framework/Versions/A/LDAP
0x00000000042b7000 	/usr/lib/libsasl2.2.dylib
0x00000000042b7000 	/usr/lib/libcrypto.0.9.8.dylib
0x00000000042b7000 	/usr/lib/libssl.0.9.8.dylib
0x0000000113645000 	/Library/Java/JavaVirtualMachines/jdk1.7.0_45.jdk/Contents/Home/jre/lib/libfontmanager.dylib
0x0000000117b68000 	/Users/owner/.gradle/caches/minecraft/net/minecraft/minecraft_natives/1.8/liblwjgl.dylib
0x0000000112d7e000 	/Library/Java/JavaVirtualMachines/jdk1.7.0_45.jdk/Contents/Home/jre/lib/libjawt.dylib
0x00000000042b7000 	/System/Library/Frameworks/OpenGL.framework/Versions/A/Resources/GLEngine.bundle/GLEngine
0x00000000042b7000 	/System/Library/Frameworks/OpenGL.framework/Versions/A/Libraries/libGLProgrammability.dylib
0x0000000000000000 	/System/Library/Extensions/GeForceTeslaGLDriver.bundle/Contents/MacOS/GeForceTeslaGLDriver
0x0000000117cdd000 	/System/Library/Extensions/GeForceTeslaGLDriver.bundle/Contents/MacOS/libclh.dylib
0x0000000111c98000 	/System/Library/PrivateFrameworks/GPUSupport.framework/Versions/A/Libraries/libGPUSupport.dylib
0x00000000042b7000 	/System/Library/Frameworks/OpenGL.framework/Versions/A/Resources/GLRendererFloat.bundle/GLRendererFloat
0x00000000042b7000 	/System/Library/Frameworks/OpenCL.framework/Versions/A/Libraries/libcldcpuengine.dylib
0x0000000111cb6000 	cl_kernels
0x00000001139c7000 	/System/Library/Frameworks/OpenCL.framework/Versions/A/Libraries/ImageFormats/unorm8_bgra.dylib
0x0000000111cee000 	cl_kernels
0x000000011a1ef000 	/Users/owner/.gradle/caches/minecraft/net/minecraft/minecraft_natives/1.8/libtwitchsdk.dylib
0x00000000042b7000 	/System/Library/Frameworks/AVFoundation.framework/Versions/A/AVFoundation
0x00000000042b7000 	/System/Library/Frameworks/CoreMedia.framework/Versions/A/CoreMedia
0x00000000042b7000 	/System/Library/Frameworks/AVFoundation.framework/Versions/A/Resources/libAVFAudio.dylib
0x00000000042b7000 	/System/Library/Frameworks/MediaToolbox.framework/Versions/A/MediaToolbox
0x00000000042b7000 	/System/Library/Frameworks/VideoToolbox.framework/Versions/A/VideoToolbox
0x00000000042b7000 	/System/Library/Frameworks/CoreMediaIO.framework/Versions/A/CoreMediaIO
0x00000000042b7000 	/System/Library/PrivateFrameworks/CoreMediaAuthoring.framework/Versions/A/CoreMediaAuthoring
0x00000000042b7000 	/System/Library/PrivateFrameworks/MediaControlSender.framework/Versions/A/MediaControlSender
0x00000000042b7000 	/System/Library/PrivateFrameworks/CoreAVCHD.framework/Versions/A/CoreAVCHD
0x00000000042b7000 	/System/Library/Frameworks/MediaAccessibility.framework/Versions/A/MediaAccessibility
0x00000000042b7000 	/System/Library/PrivateFrameworks/Mangrove.framework/Versions/A/Mangrove
0x00000000042b7000 	/System/Library/PrivateFrameworks/CoreAUC.framework/Versions/A/CoreAUC
0x00000000042b7000 	/System/Library/PrivateFrameworks/Apple80211.framework/Versions/A/Apple80211
0x00000000042b7000 	/System/Library/PrivateFrameworks/AppleSRP.framework/Versions/A/AppleSRP
0x00000000042b7000 	/System/Library/PrivateFrameworks/CoreUtils.framework/Versions/A/CoreUtils
0x00000000042b7000 	/System/Library/Frameworks/CoreWLAN.framework/Versions/A/CoreWLAN
0x00000000042b7000 	/usr/lib/libpcap.A.dylib
0x00000000042b7000 	/System/Library/Frameworks/CoreWiFi.framework/Versions/A/CoreWiFi
0x00000000042b7000 	/System/Library/PrivateFrameworks/AppleVA.framework/Versions/A/AppleVA
0x00000000042b7000 	/System/Library/PrivateFrameworks/XPCService.framework/Versions/A/XPCService
0x00000000042b7000 	/System/Library/PrivateFrameworks/AppSandbox.framework/Versions/A/AppSandbox
0x00000000042b7000 	/usr/lib/libsandbox.1.dylib
0x00000000042b7000 	/System/Library/PrivateFrameworks/AppContainer.framework/Versions/A/AppContainer
0x00000000042b7000 	/System/Library/PrivateFrameworks/SecCodeWrapper.framework/Versions/A/SecCodeWrapper
0x00000000042b7000 	/usr/lib/libMatch.1.dylib
0x0000000112f42000 	/Users/owner/.gradle/caches/minecraft/net/minecraft/minecraft_natives/1.8/openal.dylib
0x000000011bb33000 	/System/Library/Components/CoreAudio.component/Contents/MacOS/CoreAudio
0x0000000112a6b000 	/System/Library/Extensions/AppleHDA.kext/Contents/PlugIns/AppleHDAHALPlugIn.bundle/Contents/MacOS/AppleHDAHALPlugIn
0x0000000113067000 	/Library/Java/JavaVirtualMachines/jdk1.7.0_45.jdk/Contents/Home/jre/lib/libsunec.dylib

VM Arguments:
jvm_args: -agentlib:jdwp=transport=dt_socket,suspend=y,address=localhost:61217 -Xincgc -Xmx1024M -Xms1024M -Dfile.encoding=US-ASCII 
java_command: GradleStart
Launcher Type: SUN_STANDARD

Environment Variables:
PATH=/usr/bin:/bin:/usr/sbin:/sbin
SHELL=/bin/bash

Signal Handlers:
SIGSEGV: [libjvm.dylib+0x525415], sa_mask[0]=0xfffefeff, sa_flags=0x00000043
SIGBUS: [libjvm.dylib+0x525415], sa_mask[0]=0xfffefeff, sa_flags=0x00000042
SIGFPE: [libjvm.dylib+0x41891a], sa_mask[0]=0xfffefeff, sa_flags=0x00000042
SIGPIPE: [libjvm.dylib+0x41891a], sa_mask[0]=0xfffefeff, sa_flags=0x00000042
SIGXFSZ: [libjvm.dylib+0x41891a], sa_mask[0]=0xfffefeff, sa_flags=0x00000042
SIGILL: [libjvm.dylib+0x41891a], sa_mask[0]=0xfffefeff, sa_flags=0x00000042
SIGUSR1: SIG_DFL, sa_mask[0]=0x00000000, sa_flags=0x00000002
SIGUSR2: [libjvm.dylib+0x41840c], sa_mask[0]=0x00000004, sa_flags=0x00000042
SIGHUP: [libjvm.dylib+0x41669b], sa_mask[0]=0xfffefeff, sa_flags=0x00000042
SIGINT: [libjvm.dylib+0x41669b], sa_mask[0]=0xfffefeff, sa_flags=0x00000042
SIGTERM: [libjvm.dylib+0x41669b], sa_mask[0]=0xfffefeff, sa_flags=0x00000042
SIGQUIT: [libjvm.dylib+0x41669b], sa_mask[0]=0xfffefeff, sa_flags=0x00000042


---------------  S Y S T E M  ---------------

OS:Bsduname:Darwin 13.4.0 Darwin Kernel Version 13.4.0: Sun Aug 17 19:50:11 PDT 2014; root:xnu-2422.115.4~1/RELEASE_X86_64 x86_64
rlimit: STACK 8192k, CORE 0k, NPROC 709, NOFILE 10240, AS infinity
load average: