#
# A fatal error has been detected by the Java Runtime Environment:
#
#  SIGSEGV (0xb) at pc=0x000000010b8fbebd, pid=7644, tid=1287
#
# JRE version: Java(TM) SE Runtime Environment (7.0_45-b18) (build 1.7.0_45-b18)
# Java VM: Java HotSpot(TM) 64-Bit Server VM (24.45-b08 mixed mode bsd-amd64 compressed oops)
# Problematic frame:
# V  [libjvm.dylib+0x2fbebd]
#
# Failed to write core dump. Core dumps have been disabled. To enable core dumping, try "ulimit -c unlimited" before starting Java again
#
# If you would like to submit a bug report, please visit:
#   http://bugreport.sun.com/bugreport/crash.jsp
#

---------------  T H R E A D  ---------------

Current thread (0x00007f834cf0f800):  JavaThread "AppKit Thread" daemon [_thread_in_vm, id=1287, stack(0x00007fff54acd000,0x00007fff54b4d000)]

siginfo:si_signo=SIGSEGV: si_errno=0, si_code=1 (SEGV_MAPERR), si_addr=0x0000000000000000

Registers:
RAX=0x000000010be02c90, RBX=0x0000000000000000, RCX=0x00007f834bf66d10, RDX=0x0000000000000000
RSP=0x00007fff54b47bc0, RBP=0x00007fff54b47c10, RSI=0x0000000000000000, RDI=0x00007f834cf0f9e8
R8 =0x00007fff8c2bd28c, R9 =0x00007fff76ab0428, R10=0x0000000000000002, R11=0x00007fff915d4a80
R12=0x0000000000000098, R13=0x00007f834bf68ee0, R14=0x00007f834cf0f9e8, R15=0x00007f834cf0f800
RIP=0x000000010b8fbebd, EFLAGS=0x0000000000010202, ERR=0x0000000000000004
  TRAPNO=0x000000000000000e

Top of Stack: (sp=0x00007fff54b47bc0)
0x00007fff54b47bc0:   0000000100000000 00007f834cf0f800
0x00007fff54b47bd0:   0000000000000000 0000000000000000
0x00007fff54b47be0:   0000000000000000 00007f834cf0f800
0x00007fff54b47bf0:   00007f834cf0f800 00007f834cf0f9e8
0x00007fff54b47c00:   00007f834bf85350 00007f834bf68670
0x00007fff54b47c10:   00007fff54b47c70 00000001155b866a
0x00007fff54b47c20:   0000000100000000 0000000000000006
0x00007fff54b47c30:   0000000000000006 0000000000000000
0x00007fff54b47c40:   0000f143ee1fc32a 00007f834bf68670
0x00007fff54b47c50:   00007f834bf85350 00007f834bf68ee0
0x00007fff54b47c60:   00007fff86140080 0000000000000016
0x00007fff54b47c70:   00007fff54b47ec0 00007fff915f1cc1
0x00007fff54b47c80:   0000000000012068 00007fff54b47d3c
0x00007fff54b47c90:   00007fff54b47d20 00007fff88a324a9
0x00007fff54b47ca0:   00007fff91e1bfdc 00007fff54b47d44
0x00007fff54b47cb0:   00007fff54b47d40 0000000000000000
0x00007fff54b47cc0:   00007fff54b47d3c 00007f834bdda47c
0x00007fff54b47cd0:   0000000000000000 00007fff88a324a9
0x00007fff54b47ce0:   0000000000000000 00007fff74739738
0x00007fff54b47cf0:   00000001155ebc90 00007fff76a61fa8
0x00007fff54b47d00:   00007fff54b47da0 0000000000000100
0x00007fff54b47d10:   00007fff74739748 00007fff7473974c
0x00007fff54b47d20:   00000000747351b8 00007fff74739738
0x00007fff54b47d30:   000000004bf85350 00007fff74739750
0x00007fff54b47d40:   0000000000000000 0000000000357680
0x00007fff54b47d50:   00357600747351a0 0000000000000000
0x00007fff54b47d60:   00007fff7473974c 00007fff74739750
0x00007fff54b47d70:   00007fff74739748 00007fff769b25f8
0x00007fff54b47d80:   00007fff915f0e38 00007fff91e22606
0x00007fff54b47d90:   00000001155ebc90 00007fff76a61fa8
0x00007fff54b47da0:   00007fff54b47df0 00007fff8614d3a9
0x00007fff54b47db0:   01007fff54b47ec0 00007f834bf68ee0 

Instructions: (pc=0x000000010b8fbebd)
0x000000010b8fbe9d:   74 09 48 8d 7d b8 e8 da b9 14 00 4c 89 f7 48 89
0x000000010b8fbead:   de 90 0f 1f 40 00 48 8d 05 d6 6d 50 00 80 38 00
0x000000010b8fbebd:   48 8b 03 74 15 48 8d 15 f7 46 47 00 8a 4a 08 8b
0x000000010b8fbecd:   40 08 48 d3 e0 48 03 02 eb 04 48 8b 40 08 48 8b 

Register to memory mapping:

RAX=0x000000010be02c90: UseCompressedOops+0 in /Library/Java/JavaVirtualMachines/jdk1.7.0_45.jdk/Contents/Home/jre/lib/server/libjvm.dylib at 0x000000010b600000
RBX=0x0000000000000000 is an unknown value
RCX=0x00007f834bf66d10 is an unknown value
RDX=0x0000000000000000 is an unknown value
RSP=0x00007fff54b47bc0 is pointing into the stack for thread: 0x00007f834cf0f800
RBP=0x00007fff54b47c10 is pointing into the stack for thread: 0x00007f834cf0f800
RSI=0x0000000000000000 is an unknown value
RDI=0x00007f834cf0f9e8 is an unknown value
R8 =0x00007fff8c2bd28c: _platform_memmove$VARIANT$Merom+0x2c in /usr/lib/system/libsystem_platform.dylib at 0x00007fff8c2b9000
R9 =0x00007fff76ab0428: -[NSApplication(NSQuietSafeQuit) _updateCanQuitQuietlyAndSafely].sLastStashedValue+0x400e8 in /System/Library/Frameworks/AppKit.framework/Versions/C/AppKit at 0x00007fff913cb000
R10=0x0000000000000002 is an unknown value
R11=0x00007fff915d4a80: -[NSEvent timestamp]+0 in /System/Library/Frameworks/AppKit.framework/Versions/C/AppKit at 0x00007fff913cb000
R12=0x0000000000000098 is an unknown value
R13=0x00007f834bf68ee0 is an unknown value
R14=0x00007f834cf0f9e8 is an unknown value
R15=0x00007f834cf0f800 is a thread


Stack: [0x00007fff54acd000,0x00007fff54b4d000],  sp=0x00007fff54b47bc0,  free space=490k
Native frames: (J=compiled Java code, j=interpreted, Vv=VM code, C=native code)
V  [libjvm.dylib+0x2fbebd]
C  [liblwjgl.dylib+0xa66a]  -[MacOSXOpenGLView scrollWheel:]+0x7a
C  [AppKit+0x226cc1]  -[NSWindow sendEvent:]+0xe89
C  [AppKit+0x1c752b]  -[NSApplication sendEvent:]+0x73c
C  [libosxapp.dylib+0x166f]  -[NSApplicationAWT sendEvent:]+0xb3
C  [AppKit+0x179f9]  -[NSApplication run]+0x286
C  [libosxapp.dylib+0x1557]  +[NSApplicationAWT runAWTLoopWithApp:]+0x9c
C  [liblwawt.dylib+0xdba9]  -[AWTStarter starter:]+0x369
C  [Foundation+0x637ce]  __NSThreadPerformPerform+0xe5
C  [CoreFoundation+0x7f5b1]  __CFRUNLOOP_IS_CALLING_OUT_TO_A_SOURCE0_PERFORM_FUNCTION__+0x11
C  [CoreFoundation+0x70c62]  __CFRunLoopDoSources0+0xf2
C  [CoreFoundation+0x703ef]  __CFRunLoopRun+0x33f
C  [CoreFoundation+0x6fe75]  CFRunLoopRunSpecific+0x135
C  [java+0x73b0]  CreateExecutionEnvironment+0x367
C  [java+0x1b5c]  JLI_Launch+0x7a0
C  [java+0x770d]  main+0x65
C  [java+0x13b4]  start+0x34


---------------  P R O C E S S  ---------------

Java Threads: ( => current thread )
  0x00007f834d949000 JavaThread "AWT-Shutdown" [_thread_blocked, id=49419, stack(0x0000000115621000,0x0000000115721000)]
  0x00007f834def9800 JavaThread "Timer hack thread" daemon [_thread_blocked, id=29203, stack(0x0000000114cdd000,0x0000000114ddd000)]
  0x00007f834e22b800 JavaThread "Snooper Timer" daemon [_thread_blocked, id=47115, stack(0x0000000115bc1000,0x0000000115cc1000)]
  0x00007f834e045800 JavaThread "Snooper Timer" daemon [_thread_blocked, id=46859, stack(0x0000000115991000,0x0000000115a91000)]
=>0x00007f834cf0f800 JavaThread "AppKit Thread" daemon [_thread_in_vm, id=1287, stack(0x00007fff54acd000,0x00007fff54b4d000)]
  0x00007f834c084800 JavaThread "Service Thread" daemon [_thread_blocked, id=19459, stack(0x0000000113fbd000,0x00000001140bd000)]
  0x00007f834c084000 JavaThread "C2 CompilerThread1" daemon [_thread_blocked, id=18947, stack(0x0000000113eba000,0x0000000113fba000)]
  0x00007f834c07c800 JavaThread "C2 CompilerThread0" daemon [_thread_blocked, id=18435, stack(0x0000000113db7000,0x0000000113eb7000)]
  0x00007f834c885800 JavaThread "Signal Dispatcher" daemon [_thread_blocked, id=17923, stack(0x0000000113cb4000,0x0000000113db4000)]
  0x00007f834c872000 JavaThread "Surrogate Locker Thread (Concurrent GC)" daemon [_thread_blocked, id=17175, stack(0x0000000113bb1000,0x0000000113cb1000)]
  0x00007f834c078000 JavaThread "Finalizer" daemon [_thread_blocked, id=12547, stack(0x0000000113978000,0x0000000113a78000)]
  0x00007f834c865800 JavaThread "Reference Handler" daemon [_thread_blocked, id=12035, stack(0x0000000113875000,0x0000000113975000)]
  0x00007f834c800800 JavaThread "Client thread" [_thread_in_native, id=6915, stack(0x000000010c054000,0x000000010c154000)]

Other Threads:
  0x00007f834c865000 VMThread [stack: 0x0000000113772000,0x0000000113872000] [id=11523]
  0x00007f834c07f000 WatcherThread [stack: 0x00000001140c0000,0x00000001141c0000] [id=19971]

VM state:not at safepoint (normal execution)

VM Mutex/Monitor currently owned by a thread: None

Heap
 par new generation   total 153344K, used 116384K [0x00000007bae00000, 0x00000007c5460000, 0x00000007c5460000)
  eden space 136320K,  72% used [0x00000007bae00000, 0x00000007c0f08070, 0x00000007c3320000)
  from space 17024K, 100% used [0x00000007c3320000, 0x00000007c43c0000, 0x00000007c43c0000)
  to   space 17024K,   0% used [0x00000007c43c0000, 0x00000007c43c0000, 0x00000007c5460000)
 concurrent mark-sweep generation total 878208K, used 32437K [0x00000007c5460000, 0x00000007fae00000, 0x00000007fae00000)
 concurrent-mark-sweep perm gen total 34400K, used 22152K [0x00000007fae00000, 0x00000007fcf98000, 0x0000000800000000)

Card table byte_map: [0x000000010f44c000,0x000000010f676000] byte_map_base: 0x000000010b675000

Polling page: 0x000000010b1d4000

Code Cache  [0x000000010c186000, 0x000000010c416000, 0x000000010f186000)
 total_blobs=1025 nmethods=634 adapters=345 free_code_cache=46628Kb largest_free_block=47706816

Compilation events (10 events):
Event: 20.177 Thread 0x00007f834c07c800 nmethod 667 0x000000010c401b10 code [0x000000010c401c80, 0x000000010c401ec8]
Event: 20.178 Thread 0x00007f834c07c800  668             net.minecraft.util.ObjectIntIdentityMap::get (25 bytes)
Event: 20.181 Thread 0x00007f834c07c800 nmethod 668 0x000000010c402210 code [0x000000010c402380, 0x000000010c4025a8]
Event: 20.183 Thread 0x00007f834c07c800  669             org.objectweb.asm.tree.MethodNode::visitLdcInsn (16 bytes)
Event: 20.183 Thread 0x00007f834c084000 nmethod 665 0x000000010c402850 code [0x000000010c4029c0, 0x000000010c402ed8]
Event: 20.184 Thread 0x00007f834c084000  670             org.objectweb.asm.tree.LdcInsnNode::accept (14 bytes)
Event: 20.184 Thread 0x00007f834c07c800 nmethod 669 0x000000010c3fc610 code [0x000000010c3fc760, 0x000000010c3fc8d8]
Event: 20.185 Thread 0x00007f834c084000 nmethod 670 0x000000010c3fe410 code [0x000000010c3fe560, 0x000000010c3fe668]
Event: 20.406 Thread 0x00007f834c07c800  671   !         sun.misc.URLClassPath$JarLoader::getResource (91 bytes)
Event: 20.429 Thread 0x00007f834c07c800 nmethod 671 0x000000010c405410 code [0x000000010c405680, 0x000000010c4061e0]

GC Heap History (10 events):
Event: 5.269 GC heap before
{Heap before GC invocations=0 (full 0):
 par new generation   total 153344K, used 40936K [0x00000007bae00000, 0x00000007c5460000, 0x00000007c5460000)
  eden space 136320K,  30% used [0x00000007bae00000, 0x00000007bd5fa3c0, 0x00000007c3320000)
  from space 17024K,   0% used [0x00000007c3320000, 0x00000007c3320000, 0x00000007c43c0000)
  to   space 17024K,   0% used [0x00000007c43c0000, 0x00000007c43c0000, 0x00000007c5460000)
 concurrent mark-sweep generation total 878208K, used 0K [0x00000007c5460000, 0x00000007fae00000, 0x00000007fae00000)
 concurrent-mark-sweep perm gen total 21248K, used 9980K [0x00000007fae00000, 0x00000007fc2c0000, 0x0000000800000000)
Event: 5.333 GC heap after
Heap after GC invocations=1 (full 1):
 par new generation   total 153344K, used 0K [0x00000007bae00000, 0x00000007c5460000, 0x00000007c5460000)
  eden space 136320K,   0% used [0x00000007bae00000, 0x00000007bae00000, 0x00000007c3320000)
  from space 17024K,   0% used [0x00000007c3320000, 0x00000007c3320000, 0x00000007c43c0000)
  to   space 17024K,   0% used [0x00000007c43c0000, 0x00000007c43c0000, 0x00000007c5460000)
 concurrent mark-sweep generation total 878208K, used 5127K [0x00000007c5460000, 0x00000007fae00000, 0x00000007fae00000)
 concurrent-mark-sweep perm gen total 21248K, used 9978K [0x00000007fae00000, 0x00000007fc2c0000, 0x0000000800000000)
}
Event: 9.153 GC heap before
{Heap before GC invocations=1 (full 2):
 par new generation   total 153344K, used 136320K [0x00000007bae00000, 0x00000007c5460000, 0x00000007c5460000)
  eden space 136320K, 100% used [0x00000007bae00000, 0x00000007c3320000, 0x00000007c3320000)
  from space 17024K,   0% used [0x00000007c3320000, 0x00000007c3320000, 0x00000007c43c0000)
  to   space 17024K,   0% used [0x00000007c43c0000, 0x00000007c43c0000, 0x00000007c5460000)
 concurrent mark-sweep generation total 878208K, used 5127K [0x00000007c5460000, 0x00000007fae00000, 0x00000007fae00000)
 concurrent-mark-sweep perm gen total 21248K, used 13473K [0x00000007fae00000, 0x00000007fc2c0000, 0x0000000800000000)
Event: 9.214 GC heap after
Heap after GC invocations=2 (full 2):
 par new generation   total 153344K, used 12296K [0x00000007bae00000, 0x00000007c5460000, 0x00000007c5460000)
  eden space 136320K,   0% used [0x00000007bae00000, 0x00000007bae00000, 0x00000007c3320000)
  from space 17024K,  72% used [0x00000007c43c0000, 0x00000007c4fc2370, 0x00000007c5460000)
  to   space 17024K,   0% used [0x00000007c3320000, 0x00000007c3320000, 0x00000007c43c0000)
 concurrent mark-sweep generation total 878208K, used 5127K [0x00000007c5460000, 0x00000007fae00000, 0x00000007fae00000)
 concurrent-mark-sweep perm gen total 21248K, used 13473K [0x00000007fae00000, 0x00000007fc2c0000, 0x0000000800000000)
}
Event: 17.331 GC heap before
{Heap before GC invocations=2 (full 2):
 par new generation   total 153344K, used 148616K [0x00000007bae00000, 0x00000007c5460000, 0x00000007c5460000)
  eden space 136320K, 100% used [0x00000007bae00000, 0x00000007c3320000, 0x00000007c3320000)
  from space 17024K,  72% used [0x00000007c43c0000, 0x00000007c4fc2370, 0x00000007c5460000)
  to   space 17024K,   0% used [0x00000007c3320000, 0x00000007c3320000, 0x00000007c43c0000)
 concurrent mark-sweep generation total 878208K, used 2167K [0x00000007c5460000, 0x00000007fae00000, 0x00000007fae00000)
 concurrent-mark-sweep perm gen total 26312K, used 17679K [0x00000007fae00000, 0x00000007fc7b2000, 0x0000000800000000)
Event: 17.437 GC heap after
Heap after GC invocations=3 (full 2):
 par new generation   total 153344K, used 15020K [0x00000007bae00000, 0x00000007c5460000, 0x00000007c5460000)
  eden space 136320K,   0% used [0x00000007bae00000, 0x00000007bae00000, 0x00000007c3320000)
  from space 17024K,  88% used [0x00000007c3320000, 0x00000007c41cb1f0, 0x00000007c43c0000)
  to   space 17024K,   0% used [0x00000007c43c0000, 0x00000007c43c0000, 0x00000007c5460000)
 concurrent mark-sweep generation total 878208K, used 21136K [0x00000007c5460000, 0x00000007fae00000, 0x00000007fae00000)
 concurrent-mark-sweep perm gen total 26312K, used 17679K [0x00000007fae00000, 0x00000007fc7b2000, 0x0000000800000000)
}
Event: 18.099 GC heap before
{Heap before GC invocations=3 (full 3):
 par new generation   total 153344K, used 151340K [0x00000007bae00000, 0x00000007c5460000, 0x00000007c5460000)
  eden space 136320K, 100% used [0x00000007bae00000, 0x00000007c3320000, 0x00000007c3320000)
  from space 17024K,  88% used [0x00000007c3320000, 0x00000007c41cb1f0, 0x00000007c43c0000)
  to   space 17024K,   0% used [0x00000007c43c0000, 0x00000007c43c0000, 0x00000007c5460000)
 concurrent mark-sweep generation total 878208K, used 21136K [0x00000007c5460000, 0x00000007fae00000, 0x00000007fae00000)
 concurrent-mark-sweep perm gen total 26312K, used 17685K [0x00000007fae00000, 0x00000007fc7b2000, 0x0000000800000000)
Event: 18.160 GC heap after
Heap after GC invocations=4 (full 3):
 par new generation   total 153344K, used 9804K [0x00000007bae00000, 0x00000007c5460000, 0x00000007c5460000)
  eden space 136320K,   0% used [0x00000007bae00000, 0x00000007bae00000, 0x00000007c3320000)
  from space 17024K,  57% used [0x00000007c43c0000, 0x00000007c4d53020, 0x00000007c5460000)
  to   space 17024K,   0% used [0x00000007c3320000, 0x00000007c3320000, 0x00000007c43c0000)
 concurrent mark-sweep generation total 878208K, used 28643K [0x00000007c5460000, 0x00000007fae00000, 0x00000007fae00000)
 concurrent-mark-sweep perm gen total 26312K, used 17685K [0x00000007fae00000, 0x00000007fc7b2000, 0x0000000800000000)
}
Event: 19.263 GC heap before
{Heap before GC invocations=4 (full 3):
 par new generation   total 153344K, used 146124K [0x00000007bae00000, 0x00000007c5460000, 0x00000007c5460000)
  eden space 136320K, 100% used [0x00000007bae00000, 0x00000007c3320000, 0x00000007c3320000)
  from space 17024K,  57% used [0x00000007c43c0000, 0x00000007c4d53020, 0x00000007c5460000)
  to   space 17024K,   0% used [0x00000007c3320000, 0x00000007c3320000, 0x00000007c43c0000)
 concurrent mark-sweep generation total 878208K, used 28643K [0x00000007c5460000, 0x00000007fae00000, 0x00000007fae00000)
 concurrent-mark-sweep perm gen total 26312K, used 18912K [0x00000007fae00000, 0x00000007fc7b2000, 0x0000000800000000)
Event: 19.337 GC heap after
Heap after GC invocations=5 (full 3):
 par new generation   total 153344K, used 17024K [0x00000007bae00000, 0x00000007c5460000, 0x00000007c5460000)
  eden space 136320K,   0% used [0x00000007bae00000, 0x00000007bae00000, 0x00000007c3320000)
  from space 17024K, 100% used [0x00000007c3320000, 0x00000007c43c0000, 0x00000007c43c0000)
  to   space 17024K,   0% used [0x00000007c43c0000, 0x00000007c43c0000, 0x00000007c5460000)
 concurrent mark-sweep generation total 878208K, used 32512K [0x00000007c5460000, 0x00000007fae00000, 0x00000007fae00000)
 concurrent-mark-sweep perm gen total 26312K, used 18912K [0x00000007fae00000, 0x00000007fc7b2000, 0x0000000800000000)
}

Deoptimization events (10 events):
Event: 19.912 Thread 0x00007f834c800800 Uncommon trap: reason=class_check action=maybe_recompile pc=0x000000010c3c7098 method=java.util.regex.Pattern$BmpCharProperty.match(Ljava/util/regex/Matcher;ILjava/lang/CharSequence;)Z @ 31
Event: 19.912 Thread 0x00007f834c800800 Uncommon trap: reason=class_check action=maybe_recompile pc=0x000000010c3c7098 method=java.util.regex.Pattern$BmpCharProperty.match(Ljava/util/regex/Matcher;ILjava/lang/CharSequence;)Z @ 31
Event: 19.912 Thread 0x00007f834c800800 Uncommon trap: reason=class_check action=maybe_recompile pc=0x000000010c3c7098 method=java.util.regex.Pattern$BmpCharProperty.match(Ljava/util/regex/Matcher;ILjava/lang/CharSequence;)Z @ 31
Event: 19.912 Thread 0x00007f834c800800 Uncommon trap: reason=bimorphic action=maybe_recompile pc=0x000000010c3695dc method=java.util.regex.Pattern$Branch.match(Ljava/util/regex/Matcher;ILjava/lang/CharSequence;)Z @ 32
Event: 19.912 Thread 0x00007f834c800800 Uncommon trap: reason=bimorphic action=maybe_recompile pc=0x000000010c3695dc method=java.util.regex.Pattern$Branch.match(Ljava/util/regex/Matcher;ILjava/lang/CharSequence;)Z @ 32
Event: 19.913 Thread 0x00007f834c800800 Uncommon trap: reason=bimorphic action=maybe_recompile pc=0x000000010c3695dc method=java.util.regex.Pattern$Branch.match(Ljava/util/regex/Matcher;ILjava/lang/CharSequence;)Z @ 32
Event: 19.913 Thread 0x00007f834c800800 Uncommon trap: reason=bimorphic action=maybe_recompile pc=0x000000010c3695dc method=java.util.regex.Pattern$Branch.match(Ljava/util/regex/Matcher;ILjava/lang/CharSequence;)Z @ 32
Event: 20.165 Thread 0x00007f834c800800 Uncommon trap: reason=unreached action=reinterpret pc=0x000000010c20eddc method=java.util.HashMap.get(Ljava/lang/Object;)Ljava/lang/Object; @ 1
Event: 20.351 Thread 0x00007f834c800800 Uncommon trap: reason=bimorphic action=maybe_recompile pc=0x000000010c2bff44 method=java.util.HashMap.<init>(Ljava/util/Map;)V @ 2
Event: 20.388 Thread 0x00007f834c800800 Uncommon trap: reason=bimorphic action=maybe_recompile pc=0x000000010c2bff44 method=java.util.HashMap.<init>(Ljava/util/Map;)V @ 2

Internal exceptions (10 events):
Event: 21.234 Thread 0x00007f834c800800 Threw 0x00000007c0cd4c50 at /HUDSON/workspace/7u-2-build-macosx-x86_64/jdk7u45/229/hotspot/src/share/vm/prims/jvm.cpp:1244
Event: 21.236 Thread 0x00007f834c800800 Threw 0x00000007c0ce33a8 at /HUDSON/workspace/7u-2-build-macosx-x86_64/jdk7u45/229/hotspot/src/share/vm/prims/jvm.cpp:1244
Event: 21.237 Thread 0x00007f834c800800 Threw 0x00000007c0cea320 at /HUDSON/workspace/7u-2-build-macosx-x86_64/jdk7u45/229/hotspot/src/share/vm/prims/jvm.cpp:1244
Event: 21.237 Thread 0x00007f834c800800 Threw 0x00000007c0cf2d10 at /HUDSON/workspace/7u-2-build-macosx-x86_64/jdk7u45/229/hotspot/src/share/vm/prims/jvm.cpp:1244
Event: 21.238 Thread 0x00007f834c800800 Threw 0x00000007c0cfb570 at /HUDSON/workspace/7u-2-build-macosx-x86_64/jdk7u45/229/hotspot/src/share/vm/prims/jvm.cpp:1244
Event: 21.239 Thread 0x00007f834c800800 Threw 0x00000007c0d04660 at /HUDSON/workspace/7u-2-build-macosx-x86_64/jdk7u45/229/hotspot/src/share/vm/prims/jvm.cpp:1244
Event: 21.253 Thread 0x00007f834c800800 Threw 0x00000007c0d0cdb0 at /HUDSON/workspace/7u-2-build-macosx-x86_64/jdk7u45/229/hotspot/src/share/vm/prims/jvm.cpp:1244
Event: 21.258 Thread 0x00007f834c800800 Threw 0x00000007c0d1f0a0 at /HUDSON/workspace/7u-2-build-macosx-x86_64/jdk7u45/229/hotspot/src/share/vm/prims/jvm.cpp:1244
Event: 21.263 Thread 0x00007f834c800800 Threw 0x00000007c0d29a18 at /HUDSON/workspace/7u-2-build-macosx-x86_64/jdk7u45/229/hotspot/src/share/vm/prims/jvm.cpp:1244
Event: 21.265 Thread 0x00007f834c800800 Threw 0x00000007c0d32b98 at /HUDSON/workspace/7u-2-build-macosx-x86_64/jdk7u45/229/hotspot/src/share/vm/prims/jvm.cpp:1244

Events (10 events):
Event: 21.239 loading class 0x00007f834be86b50 done
Event: 21.253 loading class 0x00007f834be7fca0
Event: 21.253 loading class 0x00007f834be7fca0 done
Event: 21.258 loading class 0x00007f834be806a0
Event: 21.258 loading class 0x00007f834be806a0 done
Event: 21.263 loading class 0x00007f834be98e10
Event: 21.263 loading class 0x00007f834be98e10 done
Event: 21.265 loading class 0x00007f834be807d0
Event: 21.265 loading class 0x00007f834be807d0 done
Event: 21.266 loading class 0x00007f834cb59600


Dynamic libraries:
0x00000000042b7000 	/System/Library/Frameworks/Cocoa.framework/Versions/A/Cocoa
0x00000000042b7000 	/System/Library/Frameworks/Security.framework/Versions/A/Security
0x00000000042b7000 	/System/Library/Frameworks/ApplicationServices.framework/Versions/A/ApplicationServices
0x00000000042b7000 	/usr/lib/libz.1.dylib
0x00000000042b7000 	/usr/lib/libSystem.B.dylib
0x00000000042b7000 	/usr/lib/libobjc.A.dylib
0x00000000042b7000 	/System/Library/Frameworks/CoreFoundation.framework/Versions/A/CoreFoundation
0x00000000042b7000 	/System/Library/Frameworks/Foundation.framework/Versions/C/Foundation
0x00000000042b7000 	/System/Library/Frameworks/AppKit.framework/Versions/C/AppKit
0x00000000042b7000 	/System/Library/Frameworks/CoreData.framework/Versions/A/CoreData
0x00000000042b7000 	/System/Library/PrivateFrameworks/RemoteViewServices.framework/Versions/A/RemoteViewServices
0x00000000042b7000 	/System/Library/Frameworks/AudioToolbox.framework/Versions/A/AudioToolbox
0x00000000042b7000 	/System/Library/Frameworks/AudioUnit.framework/Versions/A/AudioUnit
0x00000000042b7000 	/System/Library/PrivateFrameworks/DataDetectorsCore.framework/Versions/A/DataDetectorsCore
0x00000000042b7000 	/System/Library/PrivateFrameworks/DesktopServicesPriv.framework/Versions/A/DesktopServicesPriv
0x00000000042b7000 	/System/Library/Frameworks/Carbon.framework/Versions/A/Frameworks/HIToolbox.framework/Versions/A/HIToolbox
0x00000000042b7000 	/System/Library/Frameworks/QuartzCore.framework/Versions/A/QuartzCore
0x00000000042b7000 	/System/Library/Frameworks/Carbon.framework/Versions/A/Frameworks/SpeechRecognition.framework/Versions/A/SpeechRecognition
0x00000000042b7000 	/usr/lib/libauto.dylib
0x00000000042b7000 	/usr/lib/libicucore.A.dylib
0x00000000042b7000 	/usr/lib/libxml2.2.dylib
0x00000000042b7000 	/System/Library/PrivateFrameworks/CoreUI.framework/Versions/A/CoreUI
0x00000000042b7000 	/System/Library/Frameworks/CoreAudio.framework/Versions/A/CoreAudio
0x00000000042b7000 	/System/Library/Frameworks/DiskArbitration.framework/Versions/A/DiskArbitration
0x00000000042b7000 	/usr/lib/liblangid.dylib
0x00000000042b7000 	/System/Library/PrivateFrameworks/MultitouchSupport.framework/Versions/A/MultitouchSupport
0x00000000042b7000 	/System/Library/Frameworks/IOKit.framework/Versions/A/IOKit
0x00000000042b7000 	/usr/lib/libDiagnosticMessagesClient.dylib
0x00000000042b7000 	/System/Library/Frameworks/CoreServices.framework/Versions/A/CoreServices
0x00000000042b7000 	/System/Library/PrivateFrameworks/PerformanceAnalysis.framework/Versions/A/PerformanceAnalysis
0x00000000042b7000 	/System/Library/PrivateFrameworks/GenerationalStorage.framework/Versions/A/GenerationalStorage
0x00000000042b7000 	/System/Library/Frameworks/OpenGL.framework/Versions/A/OpenGL
0x00000000042b7000 	/System/Library/PrivateFrameworks/Sharing.framework/Versions/A/Sharing
0x00000000042b7000 	/System/Library/Frameworks/ImageIO.framework/Versions/A/ImageIO
0x00000000042b7000 	/System/Library/Frameworks/CoreText.framework/Versions/A/CoreText
0x00000000042b7000 	/System/Library/Frameworks/CoreGraphics.framework/Versions/A/CoreGraphics
0x00000000042b7000 	/System/Library/PrivateFrameworks/Backup.framework/Versions/A/Backup
0x00000000042b7000 	/System/Library/Frameworks/CFNetwork.framework/Versions/A/CFNetwork
0x00000000042b7000 	/System/Library/Frameworks/SystemConfiguration.framework/Versions/A/SystemConfiguration
0x00000000042b7000 	/usr/lib/libCRFSuite.dylib
0x00000000042b7000 	/usr/lib/libc++.1.dylib
0x00000000042b7000 	/usr/lib/libc++abi.dylib
0x00000000042b7000 	/usr/lib/system/libcache.dylib
0x00000000042b7000 	/usr/lib/system/libcommonCrypto.dylib
0x00000000042b7000 	/usr/lib/system/libcompiler_rt.dylib
0x00000000042b7000 	/usr/lib/system/libcopyfile.dylib
0x00000000042b7000 	/usr/lib/system/libcorecrypto.dylib
0x00000000042b7000 	/usr/lib/system/libdispatch.dylib
0x00000000042b7000 	/usr/lib/system/libdyld.dylib
0x00000000042b7000 	/usr/lib/system/libkeymgr.dylib
0x00000000042b7000 	/usr/lib/system/liblaunch.dylib
0x00000000042b7000 	/usr/lib/system/libmacho.dylib
0x00000000042b7000 	/usr/lib/system/libquarantine.dylib
0x00000000042b7000 	/usr/lib/system/libremovefile.dylib
0x00000000042b7000 	/usr/lib/system/libsystem_asl.dylib
0x00000000042b7000 	/usr/lib/system/libsystem_blocks.dylib
0x00000000042b7000 	/usr/lib/system/libsystem_c.dylib
0x00000000042b7000 	/usr/lib/system/libsystem_configuration.dylib
0x00000000042b7000 	/usr/lib/system/libsystem_dnssd.dylib
0x00000000042b7000 	/usr/lib/system/libsystem_info.dylib
0x00000000042b7000 	/usr/lib/system/libsystem_kernel.dylib
0x00000000042b7000 	/usr/lib/system/libsystem_m.dylib
0x00000000042b7000 	/usr/lib/system/libsystem_malloc.dylib
0x00000000042b7000 	/usr/lib/system/libsystem_network.dylib
0x00000000042b7000 	/usr/lib/system/libsystem_notify.dylib
0x00000000042b7000 	/usr/lib/system/libsystem_platform.dylib
0x00000000042b7000 	/usr/lib/system/libsystem_pthread.dylib
0x00000000042b7000 	/usr/lib/system/libsystem_sandbox.dylib
0x00000000042b7000 	/usr/lib/system/libsystem_stats.dylib
0x00000000042b7000 	/usr/lib/system/libunc.dylib
0x00000000042b7000 	/usr/lib/system/libunwind.dylib
0x00000000042b7000 	/usr/lib/system/libxpc.dylib
0x00000000042b7000 	/usr/lib/libbsm.0.dylib
0x00000000042b7000 	/usr/lib/libsqlite3.dylib
0x00000000042b7000 	/usr/lib/libxar.1.dylib
0x00000000042b7000 	/usr/lib/libpam.2.dylib
0x00000000042b7000 	/usr/lib/libOpenScriptingUtil.dylib
0x00000000042b7000 	/usr/lib/libbz2.1.0.dylib
0x00000000042b7000 	/System/Library/Frameworks/CoreServices.framework/Versions/A/Frameworks/CarbonCore.framework/Versions/A/CarbonCore
0x00000000042b7000 	/System/Library/Frameworks/CoreServices.framework/Versions/A/Frameworks/Metadata.framework/Versions/A/Metadata
0x00000000042b7000 	/System/Library/Frameworks/CoreServices.framework/Versions/A/Frameworks/OSServices.framework/Versions/A/OSServices
0x00000000042b7000 	/System/Library/Frameworks/CoreServices.framework/Versions/A/Frameworks/SearchKit.framework/Versions/A/SearchKit
0x00000000042b7000 	/System/Library/Frameworks/CoreServices.framework/Versions/A/Frameworks/AE.framework/Versions/A/AE
0x00000000042b7000 	/System/Library/Frameworks/CoreServices.framework/Versions/A/Frameworks/LaunchServices.framework/Versions/A/LaunchServices
0x00000000042b7000 	/System/Library/Frameworks/CoreServices.framework/Versions/A/Frameworks/DictionaryServices.framework/Versions/A/DictionaryServices
0x00000000042b7000 	/System/Library/Frameworks/NetFS.framework/Versions/A/NetFS
0x00000000042b7000 	/usr/lib/system/libkxld.dylib
0x00000000042b7000 	/System/Library/PrivateFrameworks/NetAuth.framework/Versions/A/NetAuth
0x00000000042b7000 	/System/Library/PrivateFrameworks/TCC.framework/Versions/A/TCC
0x00000000042b7000 	/System/Library/Frameworks/OpenDirectory.framework/Versions/A/Frameworks/CFOpenDirectory.framework/Versions/A/CFOpenDirectory
0x00000000042b7000 	/System/Library/Frameworks/ServiceManagement.framework/Versions/A/ServiceManagement
0x00000000042b7000 	/usr/lib/libxslt.1.dylib
0x00000000042b7000 	/System/Library/Frameworks/Carbon.framework/Versions/A/Frameworks/Ink.framework/Versions/A/Ink
0x00000000042b7000 	/System/Library/Frameworks/ApplicationServices.framework/Versions/A/Frameworks/ATS.framework/Versions/A/ATS
0x00000000042b7000 	/System/Library/Frameworks/ApplicationServices.framework/Versions/A/Frameworks/ColorSync.framework/Versions/A/ColorSync
0x00000000042b7000 	/System/Library/Frameworks/ApplicationServices.framework/Versions/A/Frameworks/HIServices.framework/Versions/A/HIServices
0x00000000042b7000 	/System/Library/Frameworks/ApplicationServices.framework/Versions/A/Frameworks/LangAnalysis.framework/Versions/A/LangAnalysis
0x00000000042b7000 	/System/Library/Frameworks/ApplicationServices.framework/Versions/A/Frameworks/PrintCore.framework/Versions/A/PrintCore
0x00000000042b7000 	/System/Library/Frameworks/ApplicationServices.framework/Versions/A/Frameworks/QD.framework/Versions/A/QD
0x00000000042b7000 	/System/Library/Frameworks/ApplicationServices.framework/Versions/A/Frameworks/SpeechSynthesis.framework/Versions/A/SpeechSynthesis
0x00000000042b7000 	/System/Library/Frameworks/IOSurface.framework/Versions/A/IOSurface
0x00000000042b7000 	/System/Library/Frameworks/Accelerate.framework/Versions/A/Accelerate
0x00000000042b7000 	/System/Library/Frameworks/Accelerate.framework/Versions/A/Frameworks/vImage.framework/Versions/A/vImage
0x00000000042b7000 	/System/Library/Frameworks/Accelerate.framework/Versions/A/Frameworks/vecLib.framework/Versions/A/vecLib
0x00000000042b7000 	/System/Library/Frameworks/Accelerate.framework/Versions/A/Frameworks/vecLib.framework/Versions/A/libvDSP.dylib
0x00000000042b7000 	/System/Library/Frameworks/Accelerate.framework/Versions/A/Frameworks/vecLib.framework/Versions/A/libvMisc.dylib
0x00000000042b7000 	/System/Library/Frameworks/Accelerate.framework/Versions/A/Frameworks/vecLib.framework/Versions/A/libLAPACK.dylib
0x00000000042b7000 	/System/Library/Frameworks/Accelerate.framework/Versions/A/Frameworks/vecLib.framework/Versions/A/libBLAS.dylib
0x00000000042b7000 	/System/Library/Frameworks/ApplicationServices.framework/Versions/A/Frameworks/ATS.framework/Versions/A/Resources/libFontParser.dylib
0x00000000042b7000 	/System/Library/Frameworks/ApplicationServices.framework/Versions/A/Frameworks/ATS.framework/Versions/A/Resources/libFontRegistry.dylib
0x00000000042b7000 	/System/Library/Frameworks/ImageIO.framework/Versions/A/Resources/libJPEG.dylib
0x00000000042b7000 	/System/Library/Frameworks/ImageIO.framework/Versions/A/Resources/libTIFF.dylib
0x00000000042b7000 	/System/Library/Frameworks/ImageIO.framework/Versions/A/Resources/libPng.dylib
0x00000000042b7000 	/System/Library/Frameworks/ImageIO.framework/Versions/A/Resources/libGIF.dylib
0x00000000042b7000 	/System/Library/Frameworks/ImageIO.framework/Versions/A/Resources/libJP2.dylib
0x00000000042b7000 	/System/Library/Frameworks/ImageIO.framework/Versions/A/Resources/libRadiance.dylib
0x00000000042b7000 	/usr/lib/libcups.2.dylib
0x00000000042b7000 	/System/Library/Frameworks/Kerberos.framework/Versions/A/Kerberos
0x00000000042b7000 	/System/Library/Frameworks/GSS.framework/Versions/A/GSS
0x00000000042b7000 	/usr/lib/libresolv.9.dylib
0x00000000042b7000 	/usr/lib/libiconv.2.dylib
0x00000000042b7000 	/System/Library/PrivateFrameworks/Heimdal.framework/Versions/A/Heimdal
0x00000000042b7000 	/System/Library/PrivateFrameworks/TrustEvaluationAgent.framework/Versions/A/TrustEvaluationAgent
0x00000000042b7000 	/usr/lib/libheimdal-asn1.dylib
0x00000000042b7000 	/System/Library/Frameworks/OpenDirectory.framework/Versions/A/OpenDirectory
0x00000000042b7000 	/System/Library/PrivateFrameworks/CommonAuth.framework/Versions/A/CommonAuth
0x00000000042b7000 	/System/Library/Frameworks/SecurityFoundation.framework/Versions/A/SecurityFoundation
0x00000000042b7000 	/System/Library/PrivateFrameworks/Bom.framework/Versions/A/Bom
0x00000000042b7000 	/System/Library/Frameworks/CoreVideo.framework/Versions/A/CoreVideo
0x00000000042b7000 	/System/Library/Frameworks/QuartzCore.framework/Versions/A/Frameworks/CoreImage.framework/Versions/A/CoreImage
0x00000000042b7000 	/System/Library/Frameworks/QuartzCore.framework/Versions/A/Frameworks/ScalableUserInterface.framework/Versions/A/ScalableUserInterface
0x00000000042b7000 	/System/Library/Frameworks/OpenGL.framework/Versions/A/Libraries/libGLU.dylib
0x00000000042b7000 	/System/Library/Frameworks/OpenGL.framework/Versions/A/Libraries/libGFXShared.dylib
0x00000000042b7000 	/System/Library/Frameworks/OpenGL.framework/Versions/A/Libraries/libGL.dylib
0x00000000042b7000 	/System/Library/Frameworks/OpenGL.framework/Versions/A/Libraries/libGLImage.dylib
0x00000000042b7000 	/System/Library/Frameworks/OpenGL.framework/Versions/A/Libraries/libCVMSPluginSupport.dylib
0x00000000042b7000 	/System/Library/Frameworks/OpenGL.framework/Versions/A/Libraries/libCoreVMClient.dylib
0x00000000042b7000 	/System/Library/PrivateFrameworks/FaceCore.framework/Versions/A/FaceCore
0x00000000042b7000 	/System/Library/PrivateFrameworks/CrashReporterSupport.framework/Versions/A/CrashReporterSupport
0x00000000042b7000 	/System/Library/Frameworks/OpenCL.framework/Versions/A/OpenCL
0x00000000042b7000 	/System/Library/PrivateFrameworks/AppleFSCompression.framework/Versions/A/AppleFSCompression
0x00000000042b7000 	/System/Library/PrivateFrameworks/Ubiquity.framework/Versions/A/Ubiquity
0x00000000042b7000 	/System/Library/PrivateFrameworks/IconServices.framework/Versions/A/IconServices
0x00000000042b7000 	/System/Library/PrivateFrameworks/ChunkingLibrary.framework/Versions/A/ChunkingLibrary
0x00000000042b7000 	/System/Library/PrivateFrameworks/CoreSymbolication.framework/Versions/A/CoreSymbolication
0x00000000042b7000 	/System/Library/PrivateFrameworks/Symbolication.framework/Versions/A/Symbolication
0x00000000042b7000 	/System/Library/PrivateFrameworks/DebugSymbols.framework/Versions/A/DebugSymbols
0x000000010b600000 	/Library/Java/JavaVirtualMachines/jdk1.7.0_45.jdk/Contents/Home/jre/lib/server/libjvm.dylib
0x00000000042b7000 	/usr/lib/libstdc++.6.dylib
0x000000010b1c7000 	/Library/Java/JavaVirtualMachines/jdk1.7.0_45.jdk/Contents/Home/jre/lib/libverify.dylib
0x000000010c156000 	/Library/Java/JavaVirtualMachines/jdk1.7.0_45.jdk/Contents/Home/jre/lib/libjava.dylib
0x000000010b1de000 	/Library/Java/JavaVirtualMachines/jdk1.7.0_45.jdk/Contents/Home/jre/lib/libzip.dylib
0x000000010b1e8000 	/System/Library/Frameworks/JavaVM.framework/Frameworks/JavaRuntimeSupport.framework/JavaRuntimeSupport
0x0000000113a7a000 	/System/Library/Frameworks/JavaVM.framework/Versions/A/Frameworks/JavaNativeFoundation.framework/Versions/A/JavaNativeFoundation
0x0000000113a8f000 	/System/Library/Frameworks/JavaVM.framework/Versions/A/JavaVM
0x00000000042b7000 	/System/Library/Frameworks/Carbon.framework/Versions/A/Carbon
0x0000000113a9c000 	/System/Library/PrivateFrameworks/JavaLaunching.framework/Versions/A/JavaLaunching
0x00000000042b7000 	/System/Library/Frameworks/Carbon.framework/Versions/A/Frameworks/CommonPanels.framework/Versions/A/CommonPanels
0x00000000042b7000 	/System/Library/Frameworks/Carbon.framework/Versions/A/Frameworks/Help.framework/Versions/A/Help
0x00000000042b7000 	/System/Library/Frameworks/Carbon.framework/Versions/A/Frameworks/ImageCapture.framework/Versions/A/ImageCapture
0x00000000042b7000 	/System/Library/Frameworks/Carbon.framework/Versions/A/Frameworks/OpenScripting.framework/Versions/A/OpenScripting
0x00000000042b7000 	/System/Library/Frameworks/Carbon.framework/Versions/A/Frameworks/Print.framework/Versions/A/Print
0x00000000042b7000 	/System/Library/Frameworks/Carbon.framework/Versions/A/Frameworks/SecurityHI.framework/Versions/A/SecurityHI
0x000000011472e000 	/Library/Java/JavaVirtualMachines/jdk1.7.0_45.jdk/Contents/Home/jre/lib/libmanagement.dylib
0x0000000114736000 	/Library/Java/JavaVirtualMachines/jdk1.7.0_45.jdk/Contents/Home/jre/lib/libnet.dylib
0x0000000114793000 	/Library/Java/JavaVirtualMachines/jdk1.7.0_45.jdk/Contents/Home/jre/lib/libnio.dylib
0x0000000114a8f000 	/Library/Java/JavaVirtualMachines/jdk1.7.0_45.jdk/Contents/Home/jre/lib/libawt.dylib
0x000000011504a000 	/Library/Java/JavaVirtualMachines/jdk1.7.0_45.jdk/Contents/Home/jre/lib/./libmlib_image.dylib
0x0000000115333000 	/Library/Java/JavaVirtualMachines/jdk1.7.0_45.jdk/Contents/Home/jre/lib/lwawt/liblwawt.dylib
0x0000000114671000 	/Library/Java/JavaVirtualMachines/jdk1.7.0_45.jdk/Contents/Home/jre/lib/libosxapp.dylib
0x00000000042b7000 	/System/Library/Frameworks/ExceptionHandling.framework/Versions/A/ExceptionHandling
0x00000000042b7000 	/System/Library/PrivateFrameworks/CoreServicesInternal.framework/Versions/A/CoreServicesInternal
0x00000000042b7000 	/System/Library/PrivateFrameworks/Librarian.framework/Versions/A/Librarian
0x00000000042b7000 	/System/Library/Frameworks/CoreGraphics.framework/Versions/A/Resources/libCGCMS.A.dylib
0x00000000042b7000 	/System/Library/Frameworks/CoreGraphics.framework/Versions/A/Resources/libRIP.A.dylib
0x00000000042b7000 	/System/Library/Frameworks/CoreGraphics.framework/Versions/A/Resources/libCGXType.A.dylib
0x00000000042b7000 	/System/Library/PrivateFrameworks/FamilyControls.framework/Versions/A/FamilyControls
0x00000000042b7000 	/System/Library/PrivateFrameworks/CommerceKit.framework/Versions/A/Frameworks/CommerceCore.framework/Versions/A/CommerceCore
0x00000000042b7000 	/System/Library/PrivateFrameworks/SystemAdministration.framework/Versions/A/SystemAdministration
0x00000000042b7000 	/System/Library/Frameworks/DirectoryService.framework/Versions/A/DirectoryService
0x00000000042b7000 	/System/Library/PrivateFrameworks/DiskImages.framework/Versions/A/DiskImages
0x00000000042b7000 	/System/Library/PrivateFrameworks/LoginUIKit.framework/Versions/A/Frameworks/LoginUICore.framework/Versions/A/LoginUICore
0x00000000042b7000 	/usr/lib/libCoreStorage.dylib
0x00000000042b7000 	/usr/lib/libcsfde.dylib
0x00000000042b7000 	/usr/lib/libodfde.dylib
0x00000000042b7000 	/System/Library/Frameworks/DiscRecording.framework/Versions/A/DiscRecording
0x00000000042b7000 	/usr/lib/libcurl.4.dylib
0x00000000042b7000 	/System/Library/PrivateFrameworks/MediaKit.framework/Versions/A/MediaKit
0x00000000042b7000 	/System/Library/PrivateFrameworks/EFILogin.framework/Versions/A/EFILogin
0x00000000042b7000 	/usr/lib/libutil.dylib
0x00000000042b7000 	/System/Library/PrivateFrameworks/AOSNotification.framework/Versions/A/AOSNotification
0x00000000042b7000 	/System/Library/Frameworks/LDAP.framework/Versions/A/LDAP
0x00000000042b7000 	/usr/lib/libsasl2.2.dylib
0x00000000042b7000 	/usr/lib/libcrypto.0.9.8.dylib
0x00000000042b7000 	/usr/lib/libssl.0.9.8.dylib
0x00000001152b3000 	/Library/Java/JavaVirtualMachines/jdk1.7.0_45.jdk/Contents/Home/jre/lib/libfontmanager.dylib
0x00000001155ae000 	/Users/owner/.gradle/caches/minecraft/net/minecraft/minecraft_natives/1.8/liblwjgl.dylib
0x000000011464a000 	/Library/Java/JavaVirtualMachines/jdk1.7.0_45.jdk/Contents/Home/jre/lib/libjawt.dylib
0x00000000042b7000 	/System/Library/Frameworks/OpenGL.framework/Versions/A/Resources/GLEngine.bundle/GLEngine
0x00000000042b7000 	/System/Library/Frameworks/OpenGL.framework/Versions/A/Libraries/libGLProgrammability.dylib
0x0000000000000000 	/System/Library/Extensions/GeForceTeslaGLDriver.bundle/Contents/MacOS/GeForceTeslaGLDriver
0x000000011976c000 	/System/Library/Extensions/GeForceTeslaGLDriver.bundle/Contents/MacOS/libclh.dylib
0x00000001146c1000 	/System/Library/PrivateFrameworks/GPUSupport.framework/Versions/A/Libraries/libGPUSupport.dylib
0x00000000042b7000 	/System/Library/Frameworks/OpenGL.framework/Versions/A/Resources/GLRendererFloat.bundle/GLRendererFloat
0x00000000042b7000 	/System/Library/Frameworks/OpenCL.framework/Versions/A/Libraries/libcldcpuengine.dylib
0x00000001146ec000 	cl_kernels
0x0000000115cc3000 	/System/Library/Frameworks/OpenCL.framework/Versions/A/Libraries/ImageFormats/unorm8_bgra.dylib
0x00000001146e0000 	cl_kernels

VM Arguments:
jvm_args: -Xincgc -Xmx1024M -Xms1024M -Dfile.encoding=US-ASCII 
java_command: GradleStart
Launcher Type: SUN_STANDARD

Environment Variables:
PATH=/usr/bin:/bin:/usr/sbin:/sbin
SHELL=/bin/bash

Signal Handlers:
SIGSEGV: [libjvm.dylib+0x525415], sa_mask[0]=0xfffefeff, sa_flags=0x00000043
SIGBUS: [libjvm.dylib+0x525415], sa_mask[0]=0xfffefeff, sa_flags=0x00000042
SIGFPE: [libjvm.dylib+0x41891a], sa_mask[0]=0xfffefeff, sa_flags=0x00000042
SIGPIPE: [libjvm.dylib+0x41891a], sa_mask[0]=0xfffefeff, sa_flags=0x00000042
SIGXFSZ: [libjvm.dylib+0x41891a], sa_mask[0]=0xfffefeff, sa_flags=0x00000042
SIGILL: [libjvm.dylib+0x41891a], sa_mask[0]=0xfffefeff, sa_flags=0x00000042
SIGUSR1: SIG_DFL, sa_mask[0]=0x00000000, sa_flags=0x00000002
SIGUSR2: [libjvm.dylib+0x41840c], sa_mask[0]=0x00000004, sa_flags=0x00000042
SIGHUP: [libjvm.dylib+0x41669b], sa_mask[0]=0xfffefeff, sa_flags=0x00000042
SIGINT: [libjvm.dylib+0x41669b], sa_mask[0]=0xfffefeff, sa_flags=0x00000042
SIGTERM: [libjvm.dylib+0x41669b], sa_mask[0]=0xfffefeff, sa_flags=0x00000042
SIGQUIT: [libjvm.dylib+0x41669b], sa_mask[0]=0xfffefeff, sa_flags=0x00000042


---------------  S Y S T E M  ---------------

OS:Bsduname:Darwin 13.4.0 Darwin Kernel Version 13.4.0: Sun Aug 17 19:50:11 PDT 2014; root:xnu-2422.115.4~1/RELEASE_X86_64 x86_64
rlimit: STACK 8192k, CORE 0k, NPROC 709, NOFILE 10240, AS infinity
load average:2.49 7.22 7.32

CPU:total 2 (2 cores per cpu, 1 threads per core) family 6 model 23 stepping 10, cmov, cx8, fxsr, mmx, sse, sse2, sse3, ssse3, sse4.1, tsc

Memory: 4k page, physical 4194304k(1048576k free)

/proc/meminfo:


vm_info: Java HotSpot(TM) 64-Bit Server VM (24.45-b08) for bsd-amd64 JRE (1.7.0_45-b18), built on Oct  8 2013 05:54:16 by "java_re" with gcc 4.2.1 (Based on Apple Inc. build 5658) (LLVM build 2336.11.00)

time: Sun May 10 00:06:30 2015
elapsed time: 21 seconds

